        -:    0:Source:C:/Users/Admin/CLionProjects/LAB6/repo.cpp
        -:    0:Graph:C:\Users\Admin\CLionProjects\LAB6\cmake-build-debug-coverage\CMakeFiles\LAB6.dir\repo.cpp.gcno
        -:    0:Data:C:\Users\Admin\CLionProjects\LAB6\cmake-build-debug-coverage\CMakeFiles\LAB6.dir\repo.cpp.gcda
        -:    0:Runs:1
        -:    1:#include <iostream>
        -:    2:#include "repo.h"
        -:    3:using namespace std;
        -:    4:
function _ZN4Repo6existsERK6Oferta called 20 returned 100% blocks executed 94%
       20:    5:bool Repo::exists(const Oferta &oferta) {
        -:    6:    try{
       58:    7:        find(oferta.get_denumire(), oferta.get_destinatie());
       20:    7-block  0
call    0 returned 20
branch  1 taken 20 (fallthrough)
branch  2 taken 0 (throw)
       20:    7-block  1
call    3 returned 20
branch  4 taken 20 (fallthrough)
branch  5 taken 0 (throw)
       20:    7-block  2
call    6 returned 20
branch  7 taken 1 (fallthrough)
branch  8 taken 19 (throw)
        1:    7-block  3
call    9 returned 1
call   10 returned 1
       19:    7-block  4
call   11 returned 19
       19:    7-block  5
       19:    7-block  6
call   12 returned 19
       19:    7-block  7
        1:    8:        return true;
        -:    9:    }
       19:   10:    catch (RepoException&)
       19:   10-block  0
branch  0 taken 0 (fallthrough)
branch  1 taken 19
       19:   10-block  1
call    2 returned 19
        -:   11:    {
       19:   12:        return false;
       19:   13:    }
        -:   14:}
        -:   15:
function _ZN4Repo4findENSt7__cxx1112basic_stringIcSt11char_traitsIcESaIcEEES5_ called 23 returned 13% blocks executed 60%
       23:   16:const Oferta& Repo::find(std::string denumire, std::string destinatie) {
       37:   17:    for(const Oferta& oferta : this->allOferte)
       23:   17-block  0
call    0 returned 23
call    1 returned 23
       17:   17-block  1
call    2 returned 17
       14:   17-block  2
call    3 returned 14
       37:   17-block  3
call    4 returned 37
branch  5 taken 17
branch  6 taken 20 (fallthrough)
        -:   18:    {
       17:   19:        if(oferta.get_denumire() == denumire && oferta.get_destinatie() == destinatie)
call    0 returned 17
branch  1 taken 17 (fallthrough)
branch  2 taken 0 (throw)
       17:   19-block  0
call    3 returned 17
branch  4 taken 3 (fallthrough)
branch  5 taken 14
        3:   19-block  1
call    6 returned 3
branch  7 taken 3 (fallthrough)
branch  8 taken 0 (throw)
        3:   19-block  2
call    9 returned 3
branch 10 taken 3 (fallthrough)
branch 11 taken 0
        3:   19-block  3
       14:   19-block  4
       17:   19-block  5
branch 12 taken 3 (fallthrough)
branch 13 taken 14
        3:   19-block  6
call   14 returned 3
       17:   19-block  7
branch 15 taken 17 (fallthrough)
branch 16 taken 0
       17:   19-block  8
call   17 returned 17
       17:   19-block  9
branch 18 taken 3 (fallthrough)
branch 19 taken 14
    $$$$$:   19-block 10
branch 20 never executed (fallthrough)
branch 21 never executed
    $$$$$:   19-block 11
call   22 never executed
    $$$$$:   19-block 12
    $$$$$:   19-block 13
branch 23 never executed (fallthrough)
branch 24 never executed
    $$$$$:   19-block 14
call   25 never executed
    $$$$$:   19-block 15
        3:   20:            return oferta;
        3:   20-block  0
        3:   20-block  1
        -:   21:    }
       20:   22:    throw RepoException("Oferta cu denumirea "+denumire+" si destinatia "+destinatie+" nu exista in lista");
       20:   22-block  0
call    0 returned 20
call    1 returned 20
branch  2 taken 20 (fallthrough)
branch  3 taken 0 (throw)
       20:   22-block  1
call    4 returned 20
branch  5 taken 20 (fallthrough)
branch  6 taken 0 (throw)
       20:   22-block  2
call    7 returned 20
branch  8 taken 20 (fallthrough)
branch  9 taken 0 (throw)
       20:   22-block  3
call   10 returned 20
branch 11 taken 20 (fallthrough)
branch 12 taken 0 (throw)
       20:   22-block  4
call   13 returned 20
branch 14 taken 20 (fallthrough)
branch 15 taken 0 (throw)
       20:   22-block  5
call   16 returned 20
call   17 returned 20
call   18 returned 20
call   19 returned 20
call   20 returned 0
    $$$$$:   22-block  6
call   21 never executed
    $$$$$:   22-block  7
call   22 never executed
    $$$$$:   22-block  8
call   23 never executed
    $$$$$:   22-block  9
call   24 never executed
    $$$$$:   22-block 10
    $$$$$:   22-block 11
    $$$$$:   22-block 12
    $$$$$:   22-block 13
    $$$$$:   22-block 14
call   25 never executed
        -:   23:}
        -:   24:
function _ZN4Repo5storeERK6Oferta called 20 returned 95% blocks executed 65%
       20:   25:void Repo::store(const Oferta &oferta) {
       20:   26:    if(exists(oferta))
       20:   26-block  0
call    0 returned 20
branch  1 taken 1 (fallthrough)
branch  2 taken 19
        3:   27:        throw RepoException("Oferta cu aceaste denumire si acest titlu exista deja!");
        1:   27-block  0
call    0 returned 1
        1:   27-block  1
call    1 returned 1
branch  2 taken 1 (fallthrough)
branch  3 taken 0 (throw)
        1:   27-block  2
call    4 returned 1
branch  5 taken 1 (fallthrough)
branch  6 taken 0 (throw)
        1:   27-block  3
call    7 returned 1
call    8 returned 0
    $$$$$:   27-block  4
call    9 never executed
    $$$$$:   27-block  5
    $$$$$:   27-block  6
    $$$$$:   27-block  7
call   10 never executed
       19:   28:    this->allOferte.push_back(oferta);
       19:   28-block  0
call    0 returned 19
       19:   29:}
        -:   30:
        -:   31:
function _ZN4Repo3delERKi called 2 returned 100% blocks executed 64%
        2:   32:void Repo::del(const int& poz) {
        2:   33:    Oferta of_to_delete = this->allOferte[poz];
        2:   33-block  0
call    0 returned 2
call    1 returned 2
branch  2 taken 2 (fallthrough)
branch  3 taken 0 (throw)
        2:   34:    this->allOferte.erase(allOferte.begin()+poz);
        2:   34-block  0
call    0 returned 2
call    1 returned 2
call    2 returned 2
call    3 returned 2
branch  4 taken 2 (fallthrough)
branch  5 taken 0 (throw)
    $$$$$:   34-block  1
    $$$$$:   34-block  2
    $$$$$:   34-block  3
        2:   35:}
        2:   35-block  0
call    0 returned 2
    $$$$$:   35-block  1
call    1 never executed
        -:   36:
function _ZN4Repo6modifyERK6Oferta called 2 returned 100% blocks executed 63%
        2:   37:void Repo::modify(const Oferta &of) {
        4:   38:    for(int i=0; i<allOferte.size(); i++)
        2:   38-block  0
        2:   38-block  1
        4:   38-block  2
call    0 returned 4
branch  1 taken 2
branch  2 taken 2 (fallthrough)
       2*:   39:        if(allOferte[i].get_denumire() == of.get_denumire() && allOferte[i].get_destinatie() == of.get_destinatie())
        2:   39-block  0
call    0 returned 2
branch  1 taken 2 (fallthrough)
branch  2 taken 0 (throw)
        2:   39-block  1
call    3 returned 2
call    4 returned 2
branch  5 taken 2 (fallthrough)
branch  6 taken 0 (throw)
        2:   39-block  2
call    7 returned 2
branch  8 taken 2 (fallthrough)
branch  9 taken 0
        2:   39-block  3
call   10 returned 2
branch 11 taken 2 (fallthrough)
branch 12 taken 0 (throw)
        2:   39-block  4
call   13 returned 2
call   14 returned 2
branch 15 taken 2 (fallthrough)
branch 16 taken 0 (throw)
        2:   39-block  5
call   17 returned 2
branch 18 taken 2 (fallthrough)
branch 19 taken 0
        2:   39-block  6
    %%%%%:   39-block  7
        2:   39-block  8
branch 20 taken 2 (fallthrough)
branch 21 taken 0
        2:   39-block  9
call   22 returned 2
        2:   39-block 10
branch 23 taken 2 (fallthrough)
branch 24 taken 0
        2:   39-block 11
call   25 returned 2
        2:   39-block 12
branch 26 taken 2 (fallthrough)
branch 27 taken 0
        2:   39-block 13
call   28 returned 2
        2:   39-block 14
branch 29 taken 2 (fallthrough)
branch 30 taken 0
        2:   39-block 15
call   31 returned 2
        2:   39-block 16
branch 32 taken 2 (fallthrough)
branch 33 taken 0
    $$$$$:   39-block 17
branch 34 never executed (fallthrough)
branch 35 never executed
    $$$$$:   39-block 18
call   36 never executed
    $$$$$:   39-block 19
    $$$$$:   39-block 20
branch 37 never executed (fallthrough)
branch 38 never executed
    $$$$$:   39-block 21
call   39 never executed
    $$$$$:   39-block 22
    $$$$$:   39-block 23
branch 40 never executed (fallthrough)
branch 41 never executed
    $$$$$:   39-block 24
call   42 never executed
    $$$$$:   39-block 25
    $$$$$:   39-block 26
branch 43 never executed (fallthrough)
branch 44 never executed
    $$$$$:   39-block 27
call   45 never executed
    $$$$$:   39-block 28
call   46 never executed
        -:   40:        {
        2:   41:            allOferte[i].set_tip(of.get_tip());
        2:   41-block  0
call    0 returned 2
call    1 returned 2
branch  2 taken 2 (fallthrough)
branch  3 taken 0 (throw)
        2:   41-block  1
call    4 returned 2
branch  5 taken 2 (fallthrough)
branch  6 taken 0 (throw)
        2:   41-block  2
call    7 returned 2
    $$$$$:   41-block  3
call    8 never executed
        2:   42:            allOferte[i].set_pret(of.get_pret());
call    0 returned 2
call    1 returned 2
call    2 returned 2
        -:   43:        }
        -:   44:
        2:   45:}
        2:   45-block  0
        -:   46:
function _ZNK4Repo14get_all_oferteEv called 104 returned 100% blocks executed 100%
      104:   47:const vector<Oferta>& Repo::get_all_oferte() const {
      104:   48:    return this->allOferte;
      104:   48-block  0
        -:   49:}
        -:   50:
        -:   51:
        -:   52:
