        -:    0:Source:C:/Users/Admin/CLionProjects/LAB6/errors.h
        -:    0:Graph:C:\Users\Admin\CLionProjects\LAB6\cmake-build-debug-coverage\CMakeFiles\LAB6.dir\ui.cpp.gcno
        -:    0:Data:C:\Users\Admin\CLionProjects\LAB6\cmake-build-debug-coverage\CMakeFiles\LAB6.dir\ui.cpp.gcda
        -:    0:Runs:1
        -:    1:#pragma once
        -:    2:#include <string>
        -:    3:
        -:    4:using namespace std;
        -:    5:
        -:    6:class Exception {
        -:    7:    string msg;
        -:    8:public:
        -:    9:    Exception(string m) : msg{ m } {
        -:   10:    };
        -:   11:
function _ZN9Exception10getMessageB5cxx11Ev called 0 returned 0% blocks executed 0%
    #####:   12:    string getMessage() {
    #####:   13:        return msg;
    %%%%%:   13-block  0
call    0 never executed
        -:   14:    }
        -:   15:};
