        -:    0:Source:C:/Users/Admin/CLionProjects/LAB6/utils.cpp
        -:    0:Graph:C:\Users\Admin\CLionProjects\LAB6\cmake-build-debug-coverage\CMakeFiles\LAB6.dir\utils.cpp.gcno
        -:    0:Data:C:\Users\Admin\CLionProjects\LAB6\cmake-build-debug-coverage\CMakeFiles\LAB6.dir\utils.cpp.gcda
        -:    0:Runs:1
        -:    1:#include "utils.h"
        -:    2:
        -:    3:
        -:    4:
function _Z12cmp_denumireRK6OfertaS1_ called 6 returned 100% blocks executed 77%
        6:    5:int cmp_denumire(const Oferta& of1, const Oferta& of2)
        -:    6:{
        6:    7:    if(of1.get_denumire() > of2.get_denumire())
        6:    7-block  0
call    0 returned 6
branch  1 taken 6 (fallthrough)
branch  2 taken 0 (throw)
        6:    7-block  1
call    3 returned 6
branch  4 taken 6 (fallthrough)
branch  5 taken 0 (throw)
        6:    7-block  2
call    6 returned 6
call    7 returned 6
call    8 returned 6
branch  9 taken 2 (fallthrough)
branch 10 taken 4
    $$$$$:    7-block  3
    $$$$$:    7-block  4
call   11 never executed
        2:    8:        return 1;
        2:    8-block  0
        -:    9:    else
        4:   10:        return 0;
        4:   10-block  0
        -:   11:}
        -:   12:
function _Z14cmp_destinatieRK6OfertaS1_ called 6 returned 100% blocks executed 77%
        6:   13:int cmp_destinatie(const Oferta& of1, const Oferta& of2)
        -:   14:{
        6:   15:    if(of1.get_destinatie() > of2.get_destinatie())
        6:   15-block  0
call    0 returned 6
branch  1 taken 6 (fallthrough)
branch  2 taken 0 (throw)
        6:   15-block  1
call    3 returned 6
branch  4 taken 6 (fallthrough)
branch  5 taken 0 (throw)
        6:   15-block  2
call    6 returned 6
call    7 returned 6
call    8 returned 6
branch  9 taken 2 (fallthrough)
branch 10 taken 4
    $$$$$:   15-block  3
    $$$$$:   15-block  4
call   11 never executed
        2:   16:        return 1;
        2:   16-block  0
        -:   17:    else
        4:   18:        return 0;
        4:   18-block  0
        -:   19:}
        -:   20:
function _Z12cmp_tip_pretRK6OfertaS1_ called 6 returned 100% blocks executed 71%
        6:   21:int cmp_tip_pret(const Oferta& of1, const Oferta& of2) {
        6:   22:    if (of1.get_tip() > of2.get_tip()) {
        6:   22-block  0
call    0 returned 6
branch  1 taken 6 (fallthrough)
branch  2 taken 0 (throw)
        6:   22-block  1
call    3 returned 6
branch  4 taken 6 (fallthrough)
branch  5 taken 0 (throw)
        6:   22-block  2
call    6 returned 6
call    7 returned 6
call    8 returned 6
branch  9 taken 3 (fallthrough)
branch 10 taken 3
    $$$$$:   22-block  3
    $$$$$:   22-block  4
call   11 never executed
    $$$$$:   22-block  5
call   12 never executed
        3:   23:        return 1;
        3:   23-block  0
        3:   24:    } else if(of1.get_tip() == of2.get_tip())
        3:   24-block  0
call    0 returned 3
branch  1 taken 3 (fallthrough)
branch  2 taken 0 (throw)
        3:   24-block  1
call    3 returned 3
branch  4 taken 3 (fallthrough)
branch  5 taken 0 (throw)
        3:   24-block  2
call    6 returned 3
call    7 returned 3
call    8 returned 3
branch  9 taken 1 (fallthrough)
branch 10 taken 2
    $$$$$:   24-block  3
    $$$$$:   24-block  4
call   11 never executed
        -:   25:    {
        1:   26:        if(of1.get_pret() > of2.get_pret())
        1:   26-block  0
call    0 returned 1
call    1 returned 1
branch  2 taken 1 (fallthrough)
branch  3 taken 0
        1:   27:            return 1;
        1:   27-block  0
    #####:   28:        return 0;
    %%%%%:   28-block  0
        -:   29:    }
        2:   30:    return 0;
        2:   30-block  0
        -:   31:}
