        -:    0:Source:C:/Users/Admin/CLionProjects/LAB6/main.cpp
        -:    0:Graph:C:\Users\Admin\CLionProjects\LAB6\cmake-build-debug-coverage\CMakeFiles\LAB6.dir\main.cpp.gcno
        -:    0:Data:C:\Users\Admin\CLionProjects\LAB6\cmake-build-debug-coverage\CMakeFiles\LAB6.dir\main.cpp.gcda
        -:    0:Runs:1
        -:    1://#include "ui.h"
        -:    2:#include "teste.h"
        -:    3:using namespace std;
        -:    4:
        -:    5:
function _Z9start_appv called 1 returned 0% blocks executed 56%
        1:    6:void start_app()
        -:    7:{
        1:    8:    Repo repo;
        1:    8-block  0
call    0 returned 1
        -:    9:    Validator val;
        1:   10:    Service srv{ repo, val};
call    0 returned 1
        1:   11:    Consola ui{srv};
call    0 returned 1
        1:   12:    ui.run();
call    0 returned 0
branch  1 taken 0 (fallthrough)
branch  2 taken 0 (throw)
    #####:   13:}
    %%%%%:   13-block  0
call    0 never executed
    $$$$$:   13-block  1
call    1 never executed
        -:   14:
function main called 1 returned 0% blocks executed 75%
        1:   15:int main()
        -:   16:{
        1:   17:    test_all();
        1:   17-block  0
call    0 returned 1
        1:   18:    start_app();
call    0 returned 0
    #####:   19:}
