        -:    0:Source:/mnt/c/Users/Admin/CLionProjects/LAB2-4/main.c
        -:    0:Graph:/mnt/c/Users/Admin/CLionProjects/LAB2-4/cmake-build-debug-valgrind-coverage/CMakeFiles/LAB2_4.dir/main.c.gcno
        -:    0:Data:/mnt/c/Users/Admin/CLionProjects/LAB2-4/cmake-build-debug-valgrind-coverage/CMakeFiles/LAB2_4.dir/main.c.gcda
        -:    0:Runs:1
        -:    1:#include "ui.h"
        -:    2:#include "teste.h"
        -:    3:#include <stdio.h>
        -:    4:#define CRT_SECURE_NO_WARNINGS
        -:    5:#define CRTDBG_MAP_ALLOC
        -:    6://#include <crtdbg.h>
        -:    7:
function main called 1 returned 100% blocks executed 100%
        1:    8:int main()
        -:    9:{
        1:   10:    test_all();
        1:   10-block  0
call    0 returned 1
        -:   11:    //run();
        -:   12:    //_CrtDumpMemoryLeaks();
        1:   13:    return 0;
        -:   14:}
