        -:    0:Source:D:/facultate/semestrul 2/OOP/LAB8-9/main.cpp
        -:    0:Graph:D:\facultate\semestrul 2\OOP\LAB8-9\cmake-build-debug-coverage\CMakeFiles\LAB6.dir\main.cpp.gcno
        -:    0:Data:D:\facultate\semestrul 2\OOP\LAB8-9\cmake-build-debug-coverage\CMakeFiles\LAB6.dir\main.cpp.gcda
        -:    0:Runs:1
        -:    1://#include "ui.h"
        -:    2:#include "teste.h"
        -:    3:using namespace std;
        -:    4:
        -:    5:
function _Z9start_appv called 1 returned 0% blocks executed 39%
        1:    6:void start_app()
        1:    6-block  0
        -:    7:{
        1:    8:    string filename = "../oferte.txt";
        1:    8-block  0
call    0 returned 1
branch  1 taken 1 (fallthrough)
branch  2 taken 0 (throw)
    $$$$$:    8-block  1
        1:    9:    RepoFile repo{filename};
call    0 returned 1
branch  1 taken 1 (fallthrough)
branch  2 taken 0 (throw)
        1:    9-block  0
call    3 returned 1
branch  4 taken 1 (fallthrough)
branch  5 taken 0 (throw)
        1:    9-block  1
call    6 returned 1
    $$$$$:    9-block  2
call    7 never executed
    $$$$$:    9-block  3
        -:   10:    Validator val;
        1:   11:    cosOferte cos;
call    0 returned 1
        1:   12:    Service srv{ repo, val, cos};
call    0 returned 1
        1:   13:    Consola ui{srv};
call    0 returned 1
        1:   14:    ui.run();
call    0 returned 0
branch  1 taken 0 (fallthrough)
branch  2 taken 0 (throw)
    #####:   15:}
    %%%%%:   15-block  0
call    0 never executed
call    1 never executed
call    2 never executed
call    3 never executed
    $$$$$:   15-block  1
call    4 never executed
    $$$$$:   15-block  2
call    5 never executed
    $$$$$:   15-block  3
call    6 never executed
    $$$$$:   15-block  4
call    7 never executed
        -:   16:
function main called 1 returned 0% blocks executed 75%
        1:   17:int main()
        -:   18:{
        1:   19:    test_all();
        1:   19-block  0
call    0 returned 1
        1:   20:    start_app();
call    0 returned 0
    #####:   21:}
