        -:    0:Source:D:/facultate/semestrul 2/OOP/LAB8-9/teste.cpp
        -:    0:Graph:D:\facultate\semestrul 2\OOP\LAB8-9\cmake-build-debug-coverage\CMakeFiles\LAB6.dir\teste.cpp.gcno
        -:    0:Data:D:\facultate\semestrul 2\OOP\LAB8-9\cmake-build-debug-coverage\CMakeFiles\LAB6.dir\teste.cpp.gcda
        -:    0:Runs:1
        -:    1:#include <iostream>
        -:    2:#include <assert.h>
        -:    3:#include "teste.h"
        -:    4:#include <map>
        -:    5:#include <unordered_map>
        -:    6:
        -:    7:
function _Z11test_domainv called 1 returned 100% blocks executed 54%
        1:    8:void test_domain()
        1:    8-block  0
        -:    9:{
        5:   10:     Oferta o1{ "vacanta", "Suceava", "munte", 1400 };
        1:   10-block  0
call    0 returned 1
branch  1 taken 1 (fallthrough)
branch  2 taken 0 (throw)
        1:   10-block  1
call    3 returned 1
branch  4 taken 1 (fallthrough)
branch  5 taken 0 (throw)
        1:   10-block  2
call    6 returned 1
branch  7 taken 1 (fallthrough)
branch  8 taken 0 (throw)
        1:   10-block  3
call    9 returned 1
branch 10 taken 1 (fallthrough)
branch 11 taken 0 (throw)
        1:   10-block  4
call   12 returned 1
call   13 returned 1
call   14 returned 1
    $$$$$:   10-block  5
call   15 never executed
    $$$$$:   10-block  6
    $$$$$:   10-block  7
    $$$$$:   10-block  8
call   16 never executed
    $$$$$:   10-block  9
    $$$$$:   10-block 10
    $$$$$:   10-block 11
call   17 never executed
    $$$$$:   10-block 12
    $$$$$:   10-block 13
       1*:   11:     assert(o1.get_destinatie() == "Suceava");
call    0 returned 1
branch  1 taken 1 (fallthrough)
branch  2 taken 0 (throw)
        1:   11-block  0
call    3 returned 1
branch  4 taken 1 (fallthrough)
branch  5 taken 0 (throw)
        1:   11-block  1
branch  6 taken 0 (fallthrough)
branch  7 taken 1
    %%%%%:   11-block  2
call    8 never executed
        1:   11-block  3
        1:   11-block  4
branch  9 taken 1 (fallthrough)
branch 10 taken 0
        1:   11-block  5
call   11 returned 1
    $$$$$:   11-block  6
branch 12 never executed (fallthrough)
branch 13 never executed
    $$$$$:   11-block  7
call   14 never executed
    $$$$$:   11-block  8
       1*:   12:     assert(o1.get_denumire() == "vacanta");
        1:   12-block  0
call    0 returned 1
branch  1 taken 1 (fallthrough)
branch  2 taken 0 (throw)
        1:   12-block  1
call    3 returned 1
branch  4 taken 1 (fallthrough)
branch  5 taken 0 (throw)
        1:   12-block  2
branch  6 taken 0 (fallthrough)
branch  7 taken 1
    %%%%%:   12-block  3
call    8 never executed
        1:   12-block  4
        1:   12-block  5
branch  9 taken 1 (fallthrough)
branch 10 taken 0
        1:   12-block  6
call   11 returned 1
    $$$$$:   12-block  7
branch 12 never executed (fallthrough)
branch 13 never executed
    $$$$$:   12-block  8
call   14 never executed
    $$$$$:   12-block  9
       1*:   13:     assert(o1.get_tip() == "munte");
        1:   13-block  0
call    0 returned 1
branch  1 taken 1 (fallthrough)
branch  2 taken 0 (throw)
        1:   13-block  1
call    3 returned 1
branch  4 taken 1 (fallthrough)
branch  5 taken 0 (throw)
        1:   13-block  2
branch  6 taken 0 (fallthrough)
branch  7 taken 1
    %%%%%:   13-block  3
call    8 never executed
        1:   13-block  4
        1:   13-block  5
branch  9 taken 1 (fallthrough)
branch 10 taken 0
        1:   13-block  6
call   11 returned 1
    $$$$$:   13-block  7
branch 12 never executed (fallthrough)
branch 13 never executed
    $$$$$:   13-block  8
call   14 never executed
    $$$$$:   13-block  9
       1*:   14:     assert(o1.get_pret() == 1400);
        1:   14-block  0
call    0 returned 1
branch  1 taken 1 (fallthrough)
branch  2 taken 0 (throw)
        1:   14-block  1
branch  3 taken 0 (fallthrough)
branch  4 taken 1
    %%%%%:   14-block  2
call    5 never executed
        1:   14-block  3
        1:   15:     o1.set_pret(100);
        1:   15-block  0
call    0 returned 1
branch  1 taken 1 (fallthrough)
branch  2 taken 0 (throw)
        2:   16:     o1.set_tip("mare");
        1:   16-block  0
call    0 returned 1
branch  1 taken 1 (fallthrough)
branch  2 taken 0 (throw)
        1:   16-block  1
call    3 returned 1
branch  4 taken 1 (fallthrough)
branch  5 taken 0 (throw)
        1:   16-block  2
call    6 returned 1
    $$$$$:   16-block  3
call    7 never executed
    $$$$$:   16-block  4
    $$$$$:   16-block  5
        2:   17:     o1.set_denumire("aici");
        1:   17-block  0
call    0 returned 1
branch  1 taken 1 (fallthrough)
branch  2 taken 0 (throw)
        1:   17-block  1
call    3 returned 1
branch  4 taken 1 (fallthrough)
branch  5 taken 0 (throw)
        1:   17-block  2
call    6 returned 1
    $$$$$:   17-block  3
call    7 never executed
    $$$$$:   17-block  4
    $$$$$:   17-block  5
        1:   18:     o1.set_destinatie("nuaici");
        1:   18-block  0
call    0 returned 1
branch  1 taken 1 (fallthrough)
branch  2 taken 0 (throw)
        1:   18-block  1
call    3 returned 1
branch  4 taken 1 (fallthrough)
branch  5 taken 0 (throw)
        1:   18-block  2
call    6 returned 1
    $$$$$:   18-block  3
call    7 never executed
    $$$$$:   18-block  4
    $$$$$:   18-block  5
       1*:   19:    assert(o1.get_destinatie() == "nuaici");
call    0 returned 1
branch  1 taken 1 (fallthrough)
branch  2 taken 0 (throw)
        1:   19-block  0
call    3 returned 1
branch  4 taken 1 (fallthrough)
branch  5 taken 0 (throw)
        1:   19-block  1
branch  6 taken 0 (fallthrough)
branch  7 taken 1
    %%%%%:   19-block  2
call    8 never executed
        1:   19-block  3
        1:   19-block  4
branch  9 taken 1 (fallthrough)
branch 10 taken 0
        1:   19-block  5
call   11 returned 1
    $$$$$:   19-block  6
branch 12 never executed (fallthrough)
branch 13 never executed
    $$$$$:   19-block  7
call   14 never executed
    $$$$$:   19-block  8
       1*:   20:    assert(o1.get_denumire() == "aici");
        1:   20-block  0
call    0 returned 1
branch  1 taken 1 (fallthrough)
branch  2 taken 0 (throw)
        1:   20-block  1
call    3 returned 1
branch  4 taken 1 (fallthrough)
branch  5 taken 0 (throw)
        1:   20-block  2
branch  6 taken 0 (fallthrough)
branch  7 taken 1
    %%%%%:   20-block  3
call    8 never executed
        1:   20-block  4
        1:   20-block  5
branch  9 taken 1 (fallthrough)
branch 10 taken 0
        1:   20-block  6
call   11 returned 1
    $$$$$:   20-block  7
branch 12 never executed (fallthrough)
branch 13 never executed
    $$$$$:   20-block  8
call   14 never executed
    $$$$$:   20-block  9
       1*:   21:    assert(o1.get_tip() == "mare");
        1:   21-block  0
call    0 returned 1
branch  1 taken 1 (fallthrough)
branch  2 taken 0 (throw)
        1:   21-block  1
call    3 returned 1
branch  4 taken 1 (fallthrough)
branch  5 taken 0 (throw)
        1:   21-block  2
branch  6 taken 0 (fallthrough)
branch  7 taken 1
    %%%%%:   21-block  3
call    8 never executed
        1:   21-block  4
        1:   21-block  5
branch  9 taken 1 (fallthrough)
branch 10 taken 0
        1:   21-block  6
call   11 returned 1
    $$$$$:   21-block  7
branch 12 never executed (fallthrough)
branch 13 never executed
    $$$$$:   21-block  8
call   14 never executed
    $$$$$:   21-block  9
       1*:   22:    assert(o1.get_pret() == 100);
        1:   22-block  0
call    0 returned 1
branch  1 taken 1 (fallthrough)
branch  2 taken 0 (throw)
        1:   22-block  1
branch  3 taken 0 (fallthrough)
branch  4 taken 1
    %%%%%:   22-block  2
call    5 never executed
        1:   22-block  3
        1:   23:    cout<<o1;
        1:   23-block  0
call    0 returned 1
branch  1 taken 1 (fallthrough)
branch  2 taken 0 (throw)
        1:   24:}
        1:   24-block  0
call    0 returned 1
    $$$$$:   24-block  1
call    1 never executed
        -:   25:
function _Z10test_storev called 1 returned 100% blocks executed 59%
        1:   26:void test_store()
        -:   27:{
        1:   28:    Repo repo;
        1:   28-block  0
call    0 returned 1
        5:   29:    repo.store(Oferta{"La mare", "Mamaia", "all-inclusive", 2345});
        1:   29-block  0
call    0 returned 1
branch  1 taken 1 (fallthrough)
branch  2 taken 0 (throw)
        1:   29-block  1
call    3 returned 1
branch  4 taken 1 (fallthrough)
branch  5 taken 0 (throw)
        1:   29-block  2
call    6 returned 1
branch  7 taken 1 (fallthrough)
branch  8 taken 0 (throw)
        1:   29-block  3
call    9 returned 1
branch 10 taken 1 (fallthrough)
branch 11 taken 0 (throw)
        1:   29-block  4
call   12 returned 1
branch 13 taken 1 (fallthrough)
branch 14 taken 0 (throw)
        1:   29-block  5
call   15 returned 1
call   16 returned 1
call   17 returned 1
call   18 returned 1
    $$$$$:   29-block  6
call   19 never executed
    $$$$$:   29-block  7
call   20 never executed
    $$$$$:   29-block  8
    $$$$$:   29-block  9
    $$$$$:   29-block 10
call   21 never executed
    $$$$$:   29-block 11
    $$$$$:   29-block 12
    $$$$$:   29-block 13
call   22 never executed
    $$$$$:   29-block 14
    $$$$$:   29-block 15
    $$$$$:   29-block 16
       1*:   30:    assert(repo.get_all_oferte().size()==1);
call    0 returned 1
branch  1 taken 1 (fallthrough)
branch  2 taken 0 (throw)
        1:   30-block  0
call    3 returned 1
branch  4 taken 0 (fallthrough)
branch  5 taken 1
    %%%%%:   30-block  1
call    6 never executed
        1:   30-block  2
        5:   31:    repo.store(Oferta("Munte", "Sinaia", "all-inclusive", 1280));
        1:   31-block  0
call    0 returned 1
branch  1 taken 1 (fallthrough)
branch  2 taken 0 (throw)
        1:   31-block  1
call    3 returned 1
branch  4 taken 1 (fallthrough)
branch  5 taken 0 (throw)
        1:   31-block  2
call    6 returned 1
branch  7 taken 1 (fallthrough)
branch  8 taken 0 (throw)
        1:   31-block  3
call    9 returned 1
branch 10 taken 1 (fallthrough)
branch 11 taken 0 (throw)
        1:   31-block  4
call   12 returned 1
branch 13 taken 1 (fallthrough)
branch 14 taken 0 (throw)
        1:   31-block  5
call   15 returned 1
call   16 returned 1
call   17 returned 1
call   18 returned 1
    $$$$$:   31-block  6
call   19 never executed
    $$$$$:   31-block  7
call   20 never executed
    $$$$$:   31-block  8
    $$$$$:   31-block  9
    $$$$$:   31-block 10
call   21 never executed
    $$$$$:   31-block 11
    $$$$$:   31-block 12
    $$$$$:   31-block 13
call   22 never executed
    $$$$$:   31-block 14
    $$$$$:   31-block 15
    $$$$$:   31-block 16
       1*:   32:    assert(repo.get_all_oferte().size()==2);
call    0 returned 1
branch  1 taken 1 (fallthrough)
branch  2 taken 0 (throw)
        1:   32-block  0
call    3 returned 1
branch  4 taken 0 (fallthrough)
branch  5 taken 1
    %%%%%:   32-block  1
call    6 never executed
        1:   32-block  2
        -:   33:    try {
       7*:   34:        repo.store(Oferta("La mare", "Mamaia", "all-inclusive", 2345));assert(false);
        1:   34-block  0
call    0 returned 1
branch  1 taken 1 (fallthrough)
branch  2 taken 0 (throw)
        1:   34-block  1
call    3 returned 1
branch  4 taken 1 (fallthrough)
branch  5 taken 0 (throw)
        1:   34-block  2
call    6 returned 1
branch  7 taken 1 (fallthrough)
branch  8 taken 0 (throw)
        1:   34-block  3
call    9 returned 1
branch 10 taken 1 (fallthrough)
branch 11 taken 0 (throw)
        1:   34-block  4
call   12 returned 1
branch 13 taken 0 (fallthrough)
branch 14 taken 1 (throw)
    %%%%%:   34-block  5
call   15 never executed
call   16 never executed
call   17 never executed
call   18 never executed
call   19 never executed
        1:   34-block  6
call   20 returned 1
        1:   34-block  7
call   21 returned 1
        1:   34-block  8
        1:   34-block  9
        1:   34-block 10
call   22 returned 1
        1:   34-block 11
        1:   34-block 12
        1:   34-block 13
call   23 returned 1
        1:   34-block 14
        1:   34-block 15
        1:   34-block 16
        -:   35:    }
        1:   36:    catch (RepoException& re)
        1:   36-block  0
branch  0 taken 0 (fallthrough)
branch  1 taken 1
        1:   36-block  1
call    2 returned 1
        -:   37:    {
        1:   38:        assert(re.getErrorMessage() == "Oferta cu aceaste denumire si acest titlu exista deja!");
call    0 returned 1
branch  1 taken 1 (fallthrough)
branch  2 taken 0 (throw)
        1:   38-block  0
call    3 returned 1
branch  4 taken 1 (fallthrough)
branch  5 taken 0 (throw)
        1:   38-block  1
branch  6 taken 0 (fallthrough)
branch  7 taken 1
    $$$$$:   38-block  2
call    8 never executed
        1:   38-block  3
        1:   38-block  4
branch  9 taken 1 (fallthrough)
branch 10 taken 0
        1:   38-block  5
call   11 returned 1
    $$$$$:   38-block  6
branch 12 never executed (fallthrough)
branch 13 never executed
    $$$$$:   38-block  7
call   14 never executed
    $$$$$:   38-block  8
        1:   39:    }
        1:   39-block  0
call    0 returned 1
branch  1 taken 1 (fallthrough)
branch  2 taken 0 (throw)
    $$$$$:   39-block  1
call    3 never executed
        1:   40:}
        1:   40-block  0
call    0 returned 1
    $$$$$:   40-block  1
call    1 never executed
        -:   41:
function _Z9test_findv called 1 returned 100% blocks executed 58%
        1:   42:void test_find()
        1:   42-block  0
        -:   43:{
        5:   44:    Oferta of1{"La mare", "Mamaia", "all-inclusive", 2345};
        1:   44-block  0
call    0 returned 1
branch  1 taken 1 (fallthrough)
branch  2 taken 0 (throw)
        1:   44-block  1
call    3 returned 1
branch  4 taken 1 (fallthrough)
branch  5 taken 0 (throw)
        1:   44-block  2
call    6 returned 1
branch  7 taken 1 (fallthrough)
branch  8 taken 0 (throw)
        1:   44-block  3
call    9 returned 1
branch 10 taken 1 (fallthrough)
branch 11 taken 0 (throw)
        1:   44-block  4
call   12 returned 1
call   13 returned 1
call   14 returned 1
    $$$$$:   44-block  5
call   15 never executed
    $$$$$:   44-block  6
    $$$$$:   44-block  7
    $$$$$:   44-block  8
call   16 never executed
    $$$$$:   44-block  9
    $$$$$:   44-block 10
    $$$$$:   44-block 11
call   17 never executed
    $$$$$:   44-block 12
    $$$$$:   44-block 13
        1:   45:    Repo repo;
call    0 returned 1
        -:   46:    try{
       4*:   47:        repo.find("aici", "aici");
        1:   47-block  0
call    0 returned 1
branch  1 taken 1 (fallthrough)
branch  2 taken 0 (throw)
        1:   47-block  1
call    3 returned 1
branch  4 taken 1 (fallthrough)
branch  5 taken 0 (throw)
        1:   47-block  2
call    6 returned 1
branch  7 taken 0 (fallthrough)
branch  8 taken 1 (throw)
    %%%%%:   47-block  3
call    9 never executed
call   10 never executed
        1:   47-block  4
call   11 returned 1
        1:   47-block  5
        1:   47-block  6
        1:   47-block  7
call   12 returned 1
        1:   47-block  8
        1:   47-block  9
        -:   48:        //assert(false);
        1:   49:    } catch (RepoException& ex)
        1:   49-block  0
branch  0 taken 0 (fallthrough)
branch  1 taken 1
        1:   49-block  1
call    2 returned 1
        -:   50:    {
        -:   51:        assert(true);
        1:   52:    }
call    0 returned 1
branch  1 taken 1 (fallthrough)
branch  2 taken 0 (throw)
        1:   53:    repo.store(of1);
        1:   53-block  0
call    0 returned 1
branch  1 taken 1 (fallthrough)
branch  2 taken 0 (throw)
        3:   54:    repo.find("La mare", "Mamaia");
        1:   54-block  0
call    0 returned 1
branch  1 taken 1 (fallthrough)
branch  2 taken 0 (throw)
        1:   54-block  1
call    3 returned 1
branch  4 taken 1 (fallthrough)
branch  5 taken 0 (throw)
        1:   54-block  2
call    6 returned 1
branch  7 taken 1 (fallthrough)
branch  8 taken 0 (throw)
        1:   54-block  3
call    9 returned 1
call   10 returned 1
    $$$$$:   54-block  4
call   11 never executed
    $$$$$:   54-block  5
    $$$$$:   54-block  6
    $$$$$:   54-block  7
call   12 never executed
    $$$$$:   54-block  8
    $$$$$:   54-block  9
        1:   55:}
call    0 returned 1
call    1 returned 1
    $$$$$:   55-block  0
call    2 never executed
    $$$$$:   55-block  1
call    3 never executed
        -:   56:
function _Z8test_delv called 1 returned 100% blocks executed 52%
        1:   57:void test_del()
        -:   58:{
        1:   59:    Repo repo;
        1:   59-block  0
call    0 returned 1
        5:   60:    repo.store(Oferta("La mare", "Mamaia", "all-inclusive", 2345));
        1:   60-block  0
call    0 returned 1
branch  1 taken 1 (fallthrough)
branch  2 taken 0 (throw)
        1:   60-block  1
call    3 returned 1
branch  4 taken 1 (fallthrough)
branch  5 taken 0 (throw)
        1:   60-block  2
call    6 returned 1
branch  7 taken 1 (fallthrough)
branch  8 taken 0 (throw)
        1:   60-block  3
call    9 returned 1
branch 10 taken 1 (fallthrough)
branch 11 taken 0 (throw)
        1:   60-block  4
call   12 returned 1
branch 13 taken 1 (fallthrough)
branch 14 taken 0 (throw)
        1:   60-block  5
call   15 returned 1
call   16 returned 1
call   17 returned 1
call   18 returned 1
    $$$$$:   60-block  6
call   19 never executed
    $$$$$:   60-block  7
call   20 never executed
    $$$$$:   60-block  8
    $$$$$:   60-block  9
    $$$$$:   60-block 10
call   21 never executed
    $$$$$:   60-block 11
    $$$$$:   60-block 12
    $$$$$:   60-block 13
call   22 never executed
    $$$$$:   60-block 14
    $$$$$:   60-block 15
    $$$$$:   60-block 16
       1*:   61:    assert(repo.get_all_oferte().size()==1);
call    0 returned 1
branch  1 taken 1 (fallthrough)
branch  2 taken 0 (throw)
        1:   61-block  0
call    3 returned 1
branch  4 taken 0 (fallthrough)
branch  5 taken 1
    %%%%%:   61-block  1
call    6 never executed
        1:   61-block  2
        5:   62:    Oferta o1 = Oferta("La mare", "Mamaia", "all-inclusive", 2345);
        1:   62-block  0
call    0 returned 1
branch  1 taken 1 (fallthrough)
branch  2 taken 0 (throw)
        1:   62-block  1
call    3 returned 1
branch  4 taken 1 (fallthrough)
branch  5 taken 0 (throw)
        1:   62-block  2
call    6 returned 1
branch  7 taken 1 (fallthrough)
branch  8 taken 0 (throw)
        1:   62-block  3
call    9 returned 1
branch 10 taken 1 (fallthrough)
branch 11 taken 0 (throw)
        1:   62-block  4
call   12 returned 1
call   13 returned 1
call   14 returned 1
    $$$$$:   62-block  5
call   15 never executed
    $$$$$:   62-block  6
    $$$$$:   62-block  7
    $$$$$:   62-block  8
call   16 never executed
    $$$$$:   62-block  9
    $$$$$:   62-block 10
    $$$$$:   62-block 11
call   17 never executed
    $$$$$:   62-block 12
    $$$$$:   62-block 13
        1:   63:    repo.del(o1);
call    0 returned 1
branch  1 taken 1 (fallthrough)
branch  2 taken 0 (throw)
       1*:   64:    assert(repo.get_all_oferte().size()==0);
        1:   64-block  0
call    0 returned 1
branch  1 taken 1 (fallthrough)
branch  2 taken 0 (throw)
        1:   64-block  1
call    3 returned 1
branch  4 taken 0 (fallthrough)
branch  5 taken 1
    %%%%%:   64-block  2
call    6 never executed
        1:   64-block  3
        1:   65:}
        1:   65-block  0
call    0 returned 1
call    1 returned 1
    $$$$$:   65-block  1
call    2 never executed
    $$$$$:   65-block  2
call    3 never executed
        -:   66:
function _Z11test_modifyv called 1 returned 100% blocks executed 53%
        1:   67:void test_modify()
        -:   68:{
        1:   69:    Repo repo;
        1:   69-block  0
call    0 returned 1
        5:   70:    repo.store(Oferta("La mare", "Mamaia", "all-inclusive", 2345));
        1:   70-block  0
call    0 returned 1
branch  1 taken 1 (fallthrough)
branch  2 taken 0 (throw)
        1:   70-block  1
call    3 returned 1
branch  4 taken 1 (fallthrough)
branch  5 taken 0 (throw)
        1:   70-block  2
call    6 returned 1
branch  7 taken 1 (fallthrough)
branch  8 taken 0 (throw)
        1:   70-block  3
call    9 returned 1
branch 10 taken 1 (fallthrough)
branch 11 taken 0 (throw)
        1:   70-block  4
call   12 returned 1
branch 13 taken 1 (fallthrough)
branch 14 taken 0 (throw)
        1:   70-block  5
call   15 returned 1
call   16 returned 1
call   17 returned 1
call   18 returned 1
    $$$$$:   70-block  6
call   19 never executed
    $$$$$:   70-block  7
call   20 never executed
    $$$$$:   70-block  8
    $$$$$:   70-block  9
    $$$$$:   70-block 10
call   21 never executed
    $$$$$:   70-block 11
    $$$$$:   70-block 12
    $$$$$:   70-block 13
call   22 never executed
    $$$$$:   70-block 14
    $$$$$:   70-block 15
    $$$$$:   70-block 16
       1*:   71:    assert(repo.get_all_oferte()[0].get_pret() == 2345);
call    0 returned 1
branch  1 taken 1 (fallthrough)
branch  2 taken 0 (throw)
        1:   71-block  0
call    3 returned 1
call    4 returned 1
branch  5 taken 1 (fallthrough)
branch  6 taken 0 (throw)
        1:   71-block  1
branch  7 taken 0 (fallthrough)
branch  8 taken 1
    %%%%%:   71-block  2
call    9 never executed
        1:   71-block  3
        5:   72:    Oferta of1{"La mare", "Mamaia", "munte", 1400};
        1:   72-block  0
call    0 returned 1
branch  1 taken 1 (fallthrough)
branch  2 taken 0 (throw)
        1:   72-block  1
call    3 returned 1
branch  4 taken 1 (fallthrough)
branch  5 taken 0 (throw)
        1:   72-block  2
call    6 returned 1
branch  7 taken 1 (fallthrough)
branch  8 taken 0 (throw)
        1:   72-block  3
call    9 returned 1
branch 10 taken 1 (fallthrough)
branch 11 taken 0 (throw)
        1:   72-block  4
call   12 returned 1
call   13 returned 1
call   14 returned 1
    $$$$$:   72-block  5
call   15 never executed
    $$$$$:   72-block  6
    $$$$$:   72-block  7
    $$$$$:   72-block  8
call   16 never executed
    $$$$$:   72-block  9
    $$$$$:   72-block 10
    $$$$$:   72-block 11
call   17 never executed
    $$$$$:   72-block 12
    $$$$$:   72-block 13
        1:   73:    repo.modify(of1);
call    0 returned 1
branch  1 taken 1 (fallthrough)
branch  2 taken 0 (throw)
       1*:   74:    assert(repo.get_all_oferte()[0].get_pret() == 1400);
        1:   74-block  0
call    0 returned 1
branch  1 taken 1 (fallthrough)
branch  2 taken 0 (throw)
        1:   74-block  1
call    3 returned 1
call    4 returned 1
branch  5 taken 1 (fallthrough)
branch  6 taken 0 (throw)
        1:   74-block  2
branch  7 taken 0 (fallthrough)
branch  8 taken 1
    %%%%%:   74-block  3
call    9 never executed
        1:   74-block  4
        1:   75:}
        1:   75-block  0
call    0 returned 1
call    1 returned 1
    $$$$$:   75-block  1
call    2 never executed
    $$$$$:   75-block  2
call    3 never executed
        -:   76:
function _Z21test_adaugare_servicev called 1 returned 100% blocks executed 52%
        1:   77:void test_adaugare_service()
        -:   78:{
        1:   79:    Repo repo;
        1:   79-block  0
call    0 returned 1
        -:   80:    Validator valid;
        1:   81:    cosOferte cos;
call    0 returned 1
        1:   82:    Service service{repo, valid, cos};
call    0 returned 1
       1*:   83:    assert(service.get_all_oferte().size()==0);
call    0 returned 1
branch  1 taken 1 (fallthrough)
branch  2 taken 0 (throw)
        1:   83-block  0
call    3 returned 1
branch  4 taken 0 (fallthrough)
branch  5 taken 1
    %%%%%:   83-block  1
call    6 never executed
        1:   83-block  2
        5:   84:    service.adaugare_oferta("La Mare", "Mamaia", "allinclusive", 2345);
        1:   84-block  0
call    0 returned 1
branch  1 taken 1 (fallthrough)
branch  2 taken 0 (throw)
        1:   84-block  1
call    3 returned 1
branch  4 taken 1 (fallthrough)
branch  5 taken 0 (throw)
        1:   84-block  2
call    6 returned 1
branch  7 taken 1 (fallthrough)
branch  8 taken 0 (throw)
        1:   84-block  3
call    9 returned 1
branch 10 taken 1 (fallthrough)
branch 11 taken 0 (throw)
        1:   84-block  4
call   12 returned 1
call   13 returned 1
call   14 returned 1
    $$$$$:   84-block  5
call   15 never executed
    $$$$$:   84-block  6
    $$$$$:   84-block  7
    $$$$$:   84-block  8
call   16 never executed
    $$$$$:   84-block  9
    $$$$$:   84-block 10
    $$$$$:   84-block 11
call   17 never executed
    $$$$$:   84-block 12
    $$$$$:   84-block 13
       1*:   85:    assert(service.get_all_oferte().size()==1);
call    0 returned 1
branch  1 taken 1 (fallthrough)
branch  2 taken 0 (throw)
        1:   85-block  0
call    3 returned 1
branch  4 taken 0 (fallthrough)
branch  5 taken 1
    %%%%%:   85-block  1
call    6 never executed
        1:   85-block  2
        5:   86:    service.adaugare_oferta("100", "nuj", "fgfg", 123);
        1:   86-block  0
call    0 returned 1
branch  1 taken 1 (fallthrough)
branch  2 taken 0 (throw)
        1:   86-block  1
call    3 returned 1
branch  4 taken 1 (fallthrough)
branch  5 taken 0 (throw)
        1:   86-block  2
call    6 returned 1
branch  7 taken 1 (fallthrough)
branch  8 taken 0 (throw)
        1:   86-block  3
call    9 returned 1
branch 10 taken 1 (fallthrough)
branch 11 taken 0 (throw)
        1:   86-block  4
call   12 returned 1
call   13 returned 1
call   14 returned 1
    $$$$$:   86-block  5
call   15 never executed
    $$$$$:   86-block  6
    $$$$$:   86-block  7
    $$$$$:   86-block  8
call   16 never executed
    $$$$$:   86-block  9
    $$$$$:   86-block 10
    $$$$$:   86-block 11
call   17 never executed
    $$$$$:   86-block 12
    $$$$$:   86-block 13
        -:   87:    assert(true);
        1:   88:}
call    0 returned 1
call    1 returned 1
call    2 returned 1
    $$$$$:   88-block  0
call    3 never executed
    $$$$$:   88-block  1
call    4 never executed
    $$$$$:   88-block  2
call    5 never executed
        -:   89:
function _Z21test_stergere_servicev called 1 returned 100% blocks executed 57%
        1:   90:void test_stergere_service()
        -:   91:{
        1:   92:    Repo repo;
        1:   92-block  0
call    0 returned 1
        -:   93:    Validator valid;
        1:   94:    cosOferte cos;
call    0 returned 1
        1:   95:    Service service{repo, valid, cos};
call    0 returned 1
        5:   96:    repo.store(Oferta("La mare", "Mamaia", "all-inclusive", 2345));
        1:   96-block  0
call    0 returned 1
branch  1 taken 1 (fallthrough)
branch  2 taken 0 (throw)
        1:   96-block  1
call    3 returned 1
branch  4 taken 1 (fallthrough)
branch  5 taken 0 (throw)
        1:   96-block  2
call    6 returned 1
branch  7 taken 1 (fallthrough)
branch  8 taken 0 (throw)
        1:   96-block  3
call    9 returned 1
branch 10 taken 1 (fallthrough)
branch 11 taken 0 (throw)
        1:   96-block  4
call   12 returned 1
branch 13 taken 1 (fallthrough)
branch 14 taken 0 (throw)
        1:   96-block  5
call   15 returned 1
call   16 returned 1
call   17 returned 1
call   18 returned 1
    $$$$$:   96-block  6
call   19 never executed
    $$$$$:   96-block  7
call   20 never executed
    $$$$$:   96-block  8
    $$$$$:   96-block  9
    $$$$$:   96-block 10
call   21 never executed
    $$$$$:   96-block 11
    $$$$$:   96-block 12
    $$$$$:   96-block 13
call   22 never executed
    $$$$$:   96-block 14
    $$$$$:   96-block 15
    $$$$$:   96-block 16
       1*:   97:    assert(repo.get_all_oferte().size()==1);
call    0 returned 1
branch  1 taken 1 (fallthrough)
branch  2 taken 0 (throw)
        1:   97-block  0
call    3 returned 1
branch  4 taken 0 (fallthrough)
branch  5 taken 1
    %%%%%:   97-block  1
call    6 never executed
        1:   97-block  2
        -:   98:    //service.stergere_oferta(1);
       1*:   99:    assert(repo.get_all_oferte().size()==1);
        1:   99-block  0
call    0 returned 1
branch  1 taken 1 (fallthrough)
branch  2 taken 0 (throw)
        1:   99-block  1
call    3 returned 1
branch  4 taken 0 (fallthrough)
branch  5 taken 1
    %%%%%:   99-block  2
call    6 never executed
        1:   99-block  3
        1:  100:    Oferta of=repo.get_all_oferte()[0];
        1:  100-block  0
call    0 returned 1
branch  1 taken 1 (fallthrough)
branch  2 taken 0 (throw)
        1:  100-block  1
call    3 returned 1
call    4 returned 1
branch  5 taken 1 (fallthrough)
branch  6 taken 0 (throw)
        1:  101:    service.stergere_oferta(of);
        1:  101-block  0
call    0 returned 1
branch  1 taken 1 (fallthrough)
branch  2 taken 0 (throw)
       1*:  102:    assert(0 == service.get_all_oferte().size());
        1:  102-block  0
call    0 returned 1
branch  1 taken 1 (fallthrough)
branch  2 taken 0 (throw)
        1:  102-block  1
call    3 returned 1
branch  4 taken 0 (fallthrough)
branch  5 taken 1
    %%%%%:  102-block  2
call    6 never executed
        1:  102-block  3
        1:  103:}
        1:  103-block  0
call    0 returned 1
call    1 returned 1
call    2 returned 1
call    3 returned 1
    $$$$$:  103-block  1
call    4 never executed
    $$$$$:  103-block  2
call    5 never executed
    $$$$$:  103-block  3
call    6 never executed
    $$$$$:  103-block  4
call    7 never executed
        -:  104:
function _Z23test_modificare_servicev called 1 returned 100% blocks executed 51%
        1:  105:void test_modificare_service()
        -:  106:{
        1:  107:    Repo repo;
        1:  107-block  0
call    0 returned 1
        -:  108:    Validator valid;
        1:  109:    cosOferte cos;
call    0 returned 1
        1:  110:    Service service{repo, valid, cos};
call    0 returned 1
        5:  111:    service.adaugare_oferta("La mare", "Mamaia", "allinclusive", 2345);
        1:  111-block  0
call    0 returned 1
branch  1 taken 1 (fallthrough)
branch  2 taken 0 (throw)
        1:  111-block  1
call    3 returned 1
branch  4 taken 1 (fallthrough)
branch  5 taken 0 (throw)
        1:  111-block  2
call    6 returned 1
branch  7 taken 1 (fallthrough)
branch  8 taken 0 (throw)
        1:  111-block  3
call    9 returned 1
branch 10 taken 1 (fallthrough)
branch 11 taken 0 (throw)
        1:  111-block  4
call   12 returned 1
call   13 returned 1
call   14 returned 1
    $$$$$:  111-block  5
call   15 never executed
    $$$$$:  111-block  6
    $$$$$:  111-block  7
    $$$$$:  111-block  8
call   16 never executed
    $$$$$:  111-block  9
    $$$$$:  111-block 10
    $$$$$:  111-block 11
call   17 never executed
    $$$$$:  111-block 12
    $$$$$:  111-block 13
       1*:  112:    assert(repo.get_all_oferte().size()==1);
call    0 returned 1
branch  1 taken 1 (fallthrough)
branch  2 taken 0 (throw)
        1:  112-block  0
call    3 returned 1
branch  4 taken 0 (fallthrough)
branch  5 taken 1
    %%%%%:  112-block  1
call    6 never executed
        1:  112-block  2
        6:  113:    service.modificare_oferta("La mare", "Mamaia", "trei zile", 1000);
        1:  113-block  0
call    0 returned 1
branch  1 taken 1 (fallthrough)
branch  2 taken 0 (throw)
        1:  113-block  1
call    3 returned 1
branch  4 taken 1 (fallthrough)
branch  5 taken 0 (throw)
        1:  113-block  2
call    6 returned 1
branch  7 taken 1 (fallthrough)
branch  8 taken 0 (throw)
        1:  113-block  3
call    9 returned 1
branch 10 taken 1 (fallthrough)
branch 11 taken 0 (throw)
        1:  113-block  4
call   12 returned 1
call   13 returned 1
call   14 returned 1
    $$$$$:  113-block  5
call   15 never executed
    $$$$$:  113-block  6
    $$$$$:  113-block  7
    $$$$$:  113-block  8
call   16 never executed
    $$$$$:  113-block  9
    $$$$$:  113-block 10
    $$$$$:  113-block 11
call   17 never executed
    $$$$$:  113-block 12
    $$$$$:  113-block 13
        3:  114:    Oferta o = service.cautare_oferte("La mare", "Mamaia");
        1:  114-block  0
call    0 returned 1
branch  1 taken 1 (fallthrough)
branch  2 taken 0 (throw)
        1:  114-block  1
call    3 returned 1
branch  4 taken 1 (fallthrough)
branch  5 taken 0 (throw)
        1:  114-block  2
call    6 returned 1
branch  7 taken 1 (fallthrough)
branch  8 taken 0 (throw)
        1:  114-block  3
call    9 returned 1
call   10 returned 1
    $$$$$:  114-block  4
call   11 never executed
    $$$$$:  114-block  5
    $$$$$:  114-block  6
    $$$$$:  114-block  7
call   12 never executed
    $$$$$:  114-block  8
    $$$$$:  114-block  9
       1*:  115:    assert(o.get_tip()=="trei zile");
call    0 returned 1
branch  1 taken 1 (fallthrough)
branch  2 taken 0 (throw)
        1:  115-block  0
call    3 returned 1
branch  4 taken 1 (fallthrough)
branch  5 taken 0 (throw)
        1:  115-block  1
branch  6 taken 0 (fallthrough)
branch  7 taken 1
    %%%%%:  115-block  2
call    8 never executed
        1:  115-block  3
        1:  115-block  4
branch  9 taken 1 (fallthrough)
branch 10 taken 0
        1:  115-block  5
call   11 returned 1
    $$$$$:  115-block  6
branch 12 never executed (fallthrough)
branch 13 never executed
    $$$$$:  115-block  7
call   14 never executed
    $$$$$:  115-block  8
       1*:  116:    assert(o.get_pret()==1000);
        1:  116-block  0
call    0 returned 1
branch  1 taken 1 (fallthrough)
branch  2 taken 0 (throw)
        1:  116-block  1
branch  3 taken 0 (fallthrough)
branch  4 taken 1
    %%%%%:  116-block  2
call    5 never executed
        1:  116-block  3
        1:  117:}
        1:  117-block  0
call    0 returned 1
call    1 returned 1
call    2 returned 1
call    3 returned 1
    $$$$$:  117-block  1
call    4 never executed
    $$$$$:  117-block  2
call    5 never executed
    $$$$$:  117-block  3
call    6 never executed
    $$$$$:  117-block  4
call    7 never executed
        -:  118:
function _Z18test_filtrare_destv called 1 returned 100% blocks executed 51%
        1:  119:void test_filtrare_dest()
        -:  120:{
        1:  121:    Repo repo;
        1:  121-block  0
call    0 returned 1
        -:  122:    Validator valid;
        1:  123:    cosOferte cos;
call    0 returned 1
        1:  124:    Service service{repo, valid, cos};
call    0 returned 1
        5:  125:    repo.store(Oferta("La mare", "Mamaia", "all-inclusive", 2345));
        1:  125-block  0
call    0 returned 1
branch  1 taken 1 (fallthrough)
branch  2 taken 0 (throw)
        1:  125-block  1
call    3 returned 1
branch  4 taken 1 (fallthrough)
branch  5 taken 0 (throw)
        1:  125-block  2
call    6 returned 1
branch  7 taken 1 (fallthrough)
branch  8 taken 0 (throw)
        1:  125-block  3
call    9 returned 1
branch 10 taken 1 (fallthrough)
branch 11 taken 0 (throw)
        1:  125-block  4
call   12 returned 1
branch 13 taken 1 (fallthrough)
branch 14 taken 0 (throw)
        1:  125-block  5
call   15 returned 1
call   16 returned 1
call   17 returned 1
call   18 returned 1
    $$$$$:  125-block  6
call   19 never executed
    $$$$$:  125-block  7
call   20 never executed
    $$$$$:  125-block  8
    $$$$$:  125-block  9
    $$$$$:  125-block 10
call   21 never executed
    $$$$$:  125-block 11
    $$$$$:  125-block 12
    $$$$$:  125-block 13
call   22 never executed
    $$$$$:  125-block 14
    $$$$$:  125-block 15
    $$$$$:  125-block 16
       1*:  126:    assert(repo.get_all_oferte().size()==1);
call    0 returned 1
branch  1 taken 1 (fallthrough)
branch  2 taken 0 (throw)
        1:  126-block  0
call    3 returned 1
branch  4 taken 0 (fallthrough)
branch  5 taken 1
    %%%%%:  126-block  1
call    6 never executed
        1:  126-block  2
        6:  127:    repo.store(Oferta("Plaja", "Mamaia", "-", 400));
        1:  127-block  0
call    0 returned 1
branch  1 taken 1 (fallthrough)
branch  2 taken 0 (throw)
        1:  127-block  1
call    3 returned 1
branch  4 taken 1 (fallthrough)
branch  5 taken 0 (throw)
        1:  127-block  2
call    6 returned 1
branch  7 taken 1 (fallthrough)
branch  8 taken 0 (throw)
        1:  127-block  3
call    9 returned 1
branch 10 taken 1 (fallthrough)
branch 11 taken 0 (throw)
        1:  127-block  4
call   12 returned 1
branch 13 taken 1 (fallthrough)
branch 14 taken 0 (throw)
        1:  127-block  5
call   15 returned 1
call   16 returned 1
call   17 returned 1
call   18 returned 1
    $$$$$:  127-block  6
call   19 never executed
    $$$$$:  127-block  7
call   20 never executed
    $$$$$:  127-block  8
    $$$$$:  127-block  9
    $$$$$:  127-block 10
call   21 never executed
    $$$$$:  127-block 11
    $$$$$:  127-block 12
    $$$$$:  127-block 13
call   22 never executed
    $$$$$:  127-block 14
    $$$$$:  127-block 15
    $$$$$:  127-block 16
        6:  128:    repo.store(Oferta("Munte", "Sinaia", "all-inclusive", 1234));
        1:  128-block  0
call    0 returned 1
branch  1 taken 1 (fallthrough)
branch  2 taken 0 (throw)
        1:  128-block  1
call    3 returned 1
branch  4 taken 1 (fallthrough)
branch  5 taken 0 (throw)
        1:  128-block  2
call    6 returned 1
branch  7 taken 1 (fallthrough)
branch  8 taken 0 (throw)
        1:  128-block  3
call    9 returned 1
branch 10 taken 1 (fallthrough)
branch 11 taken 0 (throw)
        1:  128-block  4
call   12 returned 1
branch 13 taken 1 (fallthrough)
branch 14 taken 0 (throw)
        1:  128-block  5
call   15 returned 1
call   16 returned 1
call   17 returned 1
call   18 returned 1
    $$$$$:  128-block  6
call   19 never executed
    $$$$$:  128-block  7
call   20 never executed
    $$$$$:  128-block  8
    $$$$$:  128-block  9
    $$$$$:  128-block 10
call   21 never executed
    $$$$$:  128-block 11
    $$$$$:  128-block 12
    $$$$$:  128-block 13
call   22 never executed
    $$$$$:  128-block 14
    $$$$$:  128-block 15
    $$$$$:  128-block 16
        1:  129:    vector<Oferta> listaFiltrata1 = service.filtrare_destinatie("Mamaia");
        1:  129-block  0
call    0 returned 1
branch  1 taken 1 (fallthrough)
branch  2 taken 0 (throw)
        1:  129-block  1
call    3 returned 1
branch  4 taken 1 (fallthrough)
branch  5 taken 0 (throw)
        1:  129-block  2
call    6 returned 1
    $$$$$:  129-block  3
call    7 never executed
    $$$$$:  129-block  4
    $$$$$:  129-block  5
       1*:  130:    assert(listaFiltrata1.size()==2);
call    0 returned 1
branch  1 taken 0 (fallthrough)
branch  2 taken 1
    %%%%%:  130-block  0
call    3 never executed
        1:  130-block  1
       1*:  131:    assert(listaFiltrata1[0].get_pret()==2345);
        1:  131-block  0
call    0 returned 1
call    1 returned 1
branch  2 taken 1 (fallthrough)
branch  3 taken 0 (throw)
        1:  131-block  1
branch  4 taken 0 (fallthrough)
branch  5 taken 1
    %%%%%:  131-block  2
call    6 never executed
        1:  131-block  3
       1*:  132:    assert(listaFiltrata1[1].get_pret()==400);
        1:  132-block  0
call    0 returned 1
call    1 returned 1
branch  2 taken 1 (fallthrough)
branch  3 taken 0 (throw)
        1:  132-block  1
branch  4 taken 0 (fallthrough)
branch  5 taken 1
    %%%%%:  132-block  2
call    6 never executed
        1:  132-block  3
        1:  133:    vector<Oferta> listaFiltrata2 = service.filtrare_destinatie("Exemplu");
        1:  133-block  0
call    0 returned 1
branch  1 taken 1 (fallthrough)
branch  2 taken 0 (throw)
        1:  133-block  1
call    3 returned 1
branch  4 taken 1 (fallthrough)
branch  5 taken 0 (throw)
        1:  133-block  2
call    6 returned 1
    $$$$$:  133-block  3
call    7 never executed
    $$$$$:  133-block  4
    $$$$$:  133-block  5
       1*:  134:    assert(listaFiltrata2.empty());
call    0 returned 1
branch  1 taken 0 (fallthrough)
branch  2 taken 1
    %%%%%:  134-block  0
call    3 never executed
        1:  134-block  1
        1:  135:}
        1:  135-block  0
call    0 returned 1
call    1 returned 1
call    2 returned 1
call    3 returned 1
call    4 returned 1
    $$$$$:  135-block  1
call    5 never executed
    $$$$$:  135-block  2
call    6 never executed
    $$$$$:  135-block  3
call    7 never executed
    $$$$$:  135-block  4
call    8 never executed
    $$$$$:  135-block  5
call    9 never executed
        -:  136:
function _Z18test_filtrare_pretv called 1 returned 100% blocks executed 52%
        1:  137:void test_filtrare_pret()
        -:  138:{
        1:  139:    Repo repo;
        1:  139-block  0
call    0 returned 1
        -:  140:    Validator valid;
        1:  141:    cosOferte cos;
call    0 returned 1
        1:  142:    Service service{repo, valid, cos};
call    0 returned 1
        5:  143:    repo.store(Oferta("La mare", "Mamaia", "all-inclusive", 2345));
        1:  143-block  0
call    0 returned 1
branch  1 taken 1 (fallthrough)
branch  2 taken 0 (throw)
        1:  143-block  1
call    3 returned 1
branch  4 taken 1 (fallthrough)
branch  5 taken 0 (throw)
        1:  143-block  2
call    6 returned 1
branch  7 taken 1 (fallthrough)
branch  8 taken 0 (throw)
        1:  143-block  3
call    9 returned 1
branch 10 taken 1 (fallthrough)
branch 11 taken 0 (throw)
        1:  143-block  4
call   12 returned 1
branch 13 taken 1 (fallthrough)
branch 14 taken 0 (throw)
        1:  143-block  5
call   15 returned 1
call   16 returned 1
call   17 returned 1
call   18 returned 1
    $$$$$:  143-block  6
call   19 never executed
    $$$$$:  143-block  7
call   20 never executed
    $$$$$:  143-block  8
    $$$$$:  143-block  9
    $$$$$:  143-block 10
call   21 never executed
    $$$$$:  143-block 11
    $$$$$:  143-block 12
    $$$$$:  143-block 13
call   22 never executed
    $$$$$:  143-block 14
    $$$$$:  143-block 15
    $$$$$:  143-block 16
       1*:  144:    assert(repo.get_all_oferte().size()==1);
call    0 returned 1
branch  1 taken 1 (fallthrough)
branch  2 taken 0 (throw)
        1:  144-block  0
call    3 returned 1
branch  4 taken 0 (fallthrough)
branch  5 taken 1
    %%%%%:  144-block  1
call    6 never executed
        1:  144-block  2
        6:  145:    repo.store(Oferta("Plaja", "Mamaia", "-", 400));
        1:  145-block  0
call    0 returned 1
branch  1 taken 1 (fallthrough)
branch  2 taken 0 (throw)
        1:  145-block  1
call    3 returned 1
branch  4 taken 1 (fallthrough)
branch  5 taken 0 (throw)
        1:  145-block  2
call    6 returned 1
branch  7 taken 1 (fallthrough)
branch  8 taken 0 (throw)
        1:  145-block  3
call    9 returned 1
branch 10 taken 1 (fallthrough)
branch 11 taken 0 (throw)
        1:  145-block  4
call   12 returned 1
branch 13 taken 1 (fallthrough)
branch 14 taken 0 (throw)
        1:  145-block  5
call   15 returned 1
call   16 returned 1
call   17 returned 1
call   18 returned 1
    $$$$$:  145-block  6
call   19 never executed
    $$$$$:  145-block  7
call   20 never executed
    $$$$$:  145-block  8
    $$$$$:  145-block  9
    $$$$$:  145-block 10
call   21 never executed
    $$$$$:  145-block 11
    $$$$$:  145-block 12
    $$$$$:  145-block 13
call   22 never executed
    $$$$$:  145-block 14
    $$$$$:  145-block 15
    $$$$$:  145-block 16
        5:  146:    repo.store(Oferta("Munte", "Sinaia", "all-inclusive", 1234));
        1:  146-block  0
call    0 returned 1
branch  1 taken 1 (fallthrough)
branch  2 taken 0 (throw)
        1:  146-block  1
call    3 returned 1
branch  4 taken 1 (fallthrough)
branch  5 taken 0 (throw)
        1:  146-block  2
call    6 returned 1
branch  7 taken 1 (fallthrough)
branch  8 taken 0 (throw)
        1:  146-block  3
call    9 returned 1
branch 10 taken 1 (fallthrough)
branch 11 taken 0 (throw)
        1:  146-block  4
call   12 returned 1
branch 13 taken 1 (fallthrough)
branch 14 taken 0 (throw)
        1:  146-block  5
call   15 returned 1
call   16 returned 1
call   17 returned 1
call   18 returned 1
    $$$$$:  146-block  6
call   19 never executed
    $$$$$:  146-block  7
call   20 never executed
    $$$$$:  146-block  8
    $$$$$:  146-block  9
    $$$$$:  146-block 10
call   21 never executed
    $$$$$:  146-block 11
    $$$$$:  146-block 12
    $$$$$:  146-block 13
call   22 never executed
    $$$$$:  146-block 14
    $$$$$:  146-block 15
    $$$$$:  146-block 16
        1:  147:    vector<Oferta> listaFiltrata1 = service.filtrare_pret(2000);
call    0 returned 1
branch  1 taken 1 (fallthrough)
branch  2 taken 0 (throw)
    $$$$$:  147-block  0
       1*:  148:    assert(listaFiltrata1.size()==2);
        1:  148-block  0
call    0 returned 1
branch  1 taken 0 (fallthrough)
branch  2 taken 1
    %%%%%:  148-block  1
call    3 never executed
        1:  148-block  2
       1*:  149:    assert(listaFiltrata1[0].get_pret()==400);
        1:  149-block  0
call    0 returned 1
call    1 returned 1
branch  2 taken 1 (fallthrough)
branch  3 taken 0 (throw)
        1:  149-block  1
branch  4 taken 0 (fallthrough)
branch  5 taken 1
    %%%%%:  149-block  2
call    6 never executed
        1:  149-block  3
       1*:  150:    assert(listaFiltrata1[1].get_pret()==1234);
        1:  150-block  0
call    0 returned 1
call    1 returned 1
branch  2 taken 1 (fallthrough)
branch  3 taken 0 (throw)
        1:  150-block  1
branch  4 taken 0 (fallthrough)
branch  5 taken 1
    %%%%%:  150-block  2
call    6 never executed
        1:  150-block  3
        1:  151:    vector<Oferta> listaFiltrata2 = service.filtrare_pret(10);
        1:  151-block  0
call    0 returned 1
branch  1 taken 1 (fallthrough)
branch  2 taken 0 (throw)
    $$$$$:  151-block  1
       1*:  152:    assert(typeid(service.filtrare_pret(100))== typeid(vector<Oferta>));
        1:  152-block  0
call    0 returned 1
branch  1 taken 0 (fallthrough)
branch  2 taken 1
    %%%%%:  152-block  1
call    3 never executed
        1:  152-block  2
       1*:  153:    assert(listaFiltrata2.size()==0);
        1:  153-block  0
call    0 returned 1
branch  1 taken 0 (fallthrough)
branch  2 taken 1
    %%%%%:  153-block  1
call    3 never executed
        1:  153-block  2
        1:  154:}
        1:  154-block  0
call    0 returned 1
call    1 returned 1
call    2 returned 1
call    3 returned 1
call    4 returned 1
    $$$$$:  154-block  1
call    5 never executed
    $$$$$:  154-block  2
call    6 never executed
    $$$$$:  154-block  3
call    7 never executed
    $$$$$:  154-block  4
call    8 never executed
    $$$$$:  154-block  5
call    9 never executed
        -:  155:
function _Z20test_sortare_servicev called 1 returned 100% blocks executed 56%
        1:  156:void test_sortare_service()
        -:  157:{
        1:  158:    Repo repo;
        1:  158-block  0
call    0 returned 1
        -:  159:    Validator valid;
        1:  160:    cosOferte cos;
call    0 returned 1
        1:  161:    Service service{ repo, valid, cos };
call    0 returned 1
        6:  162:    service.adaugare_oferta("a", "b", "csc", 100);
        1:  162-block  0
call    0 returned 1
branch  1 taken 1 (fallthrough)
branch  2 taken 0 (throw)
        1:  162-block  1
call    3 returned 1
branch  4 taken 1 (fallthrough)
branch  5 taken 0 (throw)
        1:  162-block  2
call    6 returned 1
branch  7 taken 1 (fallthrough)
branch  8 taken 0 (throw)
        1:  162-block  3
call    9 returned 1
branch 10 taken 1 (fallthrough)
branch 11 taken 0 (throw)
        1:  162-block  4
call   12 returned 1
call   13 returned 1
call   14 returned 1
    $$$$$:  162-block  5
call   15 never executed
    $$$$$:  162-block  6
    $$$$$:  162-block  7
    $$$$$:  162-block  8
call   16 never executed
    $$$$$:  162-block  9
    $$$$$:  162-block 10
    $$$$$:  162-block 11
call   17 never executed
    $$$$$:  162-block 12
    $$$$$:  162-block 13
        6:  163:    service.adaugare_oferta("sa", "a", "c", 50);
        1:  163-block  0
call    0 returned 1
branch  1 taken 1 (fallthrough)
branch  2 taken 0 (throw)
        1:  163-block  1
call    3 returned 1
branch  4 taken 1 (fallthrough)
branch  5 taken 0 (throw)
        1:  163-block  2
call    6 returned 1
branch  7 taken 1 (fallthrough)
branch  8 taken 0 (throw)
        1:  163-block  3
call    9 returned 1
branch 10 taken 1 (fallthrough)
branch 11 taken 0 (throw)
        1:  163-block  4
call   12 returned 1
call   13 returned 1
call   14 returned 1
    $$$$$:  163-block  5
call   15 never executed
    $$$$$:  163-block  6
    $$$$$:  163-block  7
    $$$$$:  163-block  8
call   16 never executed
    $$$$$:  163-block  9
    $$$$$:  163-block 10
    $$$$$:  163-block 11
call   17 never executed
    $$$$$:  163-block 12
    $$$$$:  163-block 13
        6:  164:    service.adaugare_oferta("t", "y", "c", 63);
        1:  164-block  0
call    0 returned 1
branch  1 taken 1 (fallthrough)
branch  2 taken 0 (throw)
        1:  164-block  1
call    3 returned 1
branch  4 taken 1 (fallthrough)
branch  5 taken 0 (throw)
        1:  164-block  2
call    6 returned 1
branch  7 taken 1 (fallthrough)
branch  8 taken 0 (throw)
        1:  164-block  3
call    9 returned 1
branch 10 taken 1 (fallthrough)
branch 11 taken 0 (throw)
        1:  164-block  4
call   12 returned 1
call   13 returned 1
call   14 returned 1
    $$$$$:  164-block  5
call   15 never executed
    $$$$$:  164-block  6
    $$$$$:  164-block  7
    $$$$$:  164-block  8
call   16 never executed
    $$$$$:  164-block  9
    $$$$$:  164-block 10
    $$$$$:  164-block 11
call   17 never executed
    $$$$$:  164-block 12
    $$$$$:  164-block 13
        5:  165:    service.adaugare_oferta("o", "xc", "m", 100);
        1:  165-block  0
call    0 returned 1
branch  1 taken 1 (fallthrough)
branch  2 taken 0 (throw)
        1:  165-block  1
call    3 returned 1
branch  4 taken 1 (fallthrough)
branch  5 taken 0 (throw)
        1:  165-block  2
call    6 returned 1
branch  7 taken 1 (fallthrough)
branch  8 taken 0 (throw)
        1:  165-block  3
call    9 returned 1
branch 10 taken 1 (fallthrough)
branch 11 taken 0 (throw)
        1:  165-block  4
call   12 returned 1
call   13 returned 1
call   14 returned 1
    $$$$$:  165-block  5
call   15 never executed
    $$$$$:  165-block  6
    $$$$$:  165-block  7
    $$$$$:  165-block  8
call   16 never executed
    $$$$$:  165-block  9
    $$$$$:  165-block 10
    $$$$$:  165-block 11
call   17 never executed
    $$$$$:  165-block 12
    $$$$$:  165-block 13
        -:  166:
        1:  167:    service.sortare_denumire();
call    0 returned 1
branch  1 taken 1 (fallthrough)
branch  2 taken 0 (throw)
       1*:  168:    assert(service.get_all_oferte().size() == 4);
        1:  168-block  0
call    0 returned 1
branch  1 taken 1 (fallthrough)
branch  2 taken 0 (throw)
        1:  168-block  1
call    3 returned 1
branch  4 taken 0 (fallthrough)
branch  5 taken 1
    %%%%%:  168-block  2
call    6 never executed
        1:  168-block  3
       1*:  169:    assert(service.get_all_oferte()[0].get_denumire() == "a");
        1:  169-block  0
call    0 returned 1
branch  1 taken 1 (fallthrough)
branch  2 taken 0 (throw)
        1:  169-block  1
call    3 returned 1
call    4 returned 1
branch  5 taken 1 (fallthrough)
branch  6 taken 0 (throw)
        1:  169-block  2
call    7 returned 1
branch  8 taken 1 (fallthrough)
branch  9 taken 0 (throw)
        1:  169-block  3
branch 10 taken 0 (fallthrough)
branch 11 taken 1
    %%%%%:  169-block  4
call   12 never executed
        1:  169-block  5
        1:  169-block  6
branch 13 taken 1 (fallthrough)
branch 14 taken 0
        1:  169-block  7
call   15 returned 1
    $$$$$:  169-block  8
branch 16 never executed (fallthrough)
branch 17 never executed
    $$$$$:  169-block  9
call   18 never executed
    $$$$$:  169-block 10
       1*:  170:    assert(service.get_all_oferte()[1].get_denumire() == "sa");
        1:  170-block  0
call    0 returned 1
branch  1 taken 1 (fallthrough)
branch  2 taken 0 (throw)
        1:  170-block  1
call    3 returned 1
call    4 returned 1
branch  5 taken 1 (fallthrough)
branch  6 taken 0 (throw)
        1:  170-block  2
call    7 returned 1
branch  8 taken 1 (fallthrough)
branch  9 taken 0 (throw)
        1:  170-block  3
branch 10 taken 0 (fallthrough)
branch 11 taken 1
    %%%%%:  170-block  4
call   12 never executed
        1:  170-block  5
        1:  170-block  6
branch 13 taken 1 (fallthrough)
branch 14 taken 0
        1:  170-block  7
call   15 returned 1
    $$$$$:  170-block  8
branch 16 never executed (fallthrough)
branch 17 never executed
    $$$$$:  170-block  9
call   18 never executed
    $$$$$:  170-block 10
        -:  171:
        1:  172:    service.sortare_destinatie();
        1:  172-block  0
call    0 returned 1
branch  1 taken 1 (fallthrough)
branch  2 taken 0 (throw)
       1*:  173:    assert(service.get_all_oferte().size() == 4);
        1:  173-block  0
call    0 returned 1
branch  1 taken 1 (fallthrough)
branch  2 taken 0 (throw)
        1:  173-block  1
call    3 returned 1
branch  4 taken 0 (fallthrough)
branch  5 taken 1
    %%%%%:  173-block  2
call    6 never executed
        1:  173-block  3
       1*:  174:    assert(service.get_all_oferte()[0].get_destinatie() == "b");
        1:  174-block  0
call    0 returned 1
branch  1 taken 1 (fallthrough)
branch  2 taken 0 (throw)
        1:  174-block  1
call    3 returned 1
call    4 returned 1
branch  5 taken 1 (fallthrough)
branch  6 taken 0 (throw)
        1:  174-block  2
call    7 returned 1
branch  8 taken 1 (fallthrough)
branch  9 taken 0 (throw)
        1:  174-block  3
branch 10 taken 0 (fallthrough)
branch 11 taken 1
    %%%%%:  174-block  4
call   12 never executed
        1:  174-block  5
        1:  174-block  6
branch 13 taken 1 (fallthrough)
branch 14 taken 0
        1:  174-block  7
call   15 returned 1
    $$$$$:  174-block  8
branch 16 never executed (fallthrough)
branch 17 never executed
    $$$$$:  174-block  9
call   18 never executed
    $$$$$:  174-block 10
       1*:  175:    assert(service.get_all_oferte()[1].get_destinatie() == "a");
        1:  175-block  0
call    0 returned 1
branch  1 taken 1 (fallthrough)
branch  2 taken 0 (throw)
        1:  175-block  1
call    3 returned 1
call    4 returned 1
branch  5 taken 1 (fallthrough)
branch  6 taken 0 (throw)
        1:  175-block  2
call    7 returned 1
branch  8 taken 1 (fallthrough)
branch  9 taken 0 (throw)
        1:  175-block  3
branch 10 taken 0 (fallthrough)
branch 11 taken 1
    %%%%%:  175-block  4
call   12 never executed
        1:  175-block  5
        1:  175-block  6
branch 13 taken 1 (fallthrough)
branch 14 taken 0
        1:  175-block  7
call   15 returned 1
    $$$$$:  175-block  8
branch 16 never executed (fallthrough)
branch 17 never executed
    $$$$$:  175-block  9
call   18 never executed
    $$$$$:  175-block 10
        -:  176:
        -:  177:
        1:  178:    service.sortare_tipPret();
        1:  178-block  0
call    0 returned 1
branch  1 taken 1 (fallthrough)
branch  2 taken 0 (throw)
       1*:  179:    assert(service.get_all_oferte().size() == 4);
        1:  179-block  0
call    0 returned 1
branch  1 taken 1 (fallthrough)
branch  2 taken 0 (throw)
        1:  179-block  1
call    3 returned 1
branch  4 taken 0 (fallthrough)
branch  5 taken 1
    %%%%%:  179-block  2
call    6 never executed
        1:  179-block  3
       1*:  180:    assert(service.get_all_oferte()[0].get_tip() == "csc");
        1:  180-block  0
call    0 returned 1
branch  1 taken 1 (fallthrough)
branch  2 taken 0 (throw)
        1:  180-block  1
call    3 returned 1
call    4 returned 1
branch  5 taken 1 (fallthrough)
branch  6 taken 0 (throw)
        1:  180-block  2
call    7 returned 1
branch  8 taken 1 (fallthrough)
branch  9 taken 0 (throw)
        1:  180-block  3
branch 10 taken 0 (fallthrough)
branch 11 taken 1
    %%%%%:  180-block  4
call   12 never executed
        1:  180-block  5
        1:  180-block  6
branch 13 taken 1 (fallthrough)
branch 14 taken 0
        1:  180-block  7
call   15 returned 1
    $$$$$:  180-block  8
branch 16 never executed (fallthrough)
branch 17 never executed
    $$$$$:  180-block  9
call   18 never executed
    $$$$$:  180-block 10
       1*:  181:    assert(service.get_all_oferte()[0].get_pret() == 100);
        1:  181-block  0
call    0 returned 1
branch  1 taken 1 (fallthrough)
branch  2 taken 0 (throw)
        1:  181-block  1
call    3 returned 1
call    4 returned 1
branch  5 taken 1 (fallthrough)
branch  6 taken 0 (throw)
        1:  181-block  2
branch  7 taken 0 (fallthrough)
branch  8 taken 1
    %%%%%:  181-block  3
call    9 never executed
        1:  181-block  4
       1*:  182:    assert(service.get_all_oferte()[1].get_tip() == "c");
        1:  182-block  0
call    0 returned 1
branch  1 taken 1 (fallthrough)
branch  2 taken 0 (throw)
        1:  182-block  1
call    3 returned 1
call    4 returned 1
branch  5 taken 1 (fallthrough)
branch  6 taken 0 (throw)
        1:  182-block  2
call    7 returned 1
branch  8 taken 1 (fallthrough)
branch  9 taken 0 (throw)
        1:  182-block  3
branch 10 taken 0 (fallthrough)
branch 11 taken 1
    %%%%%:  182-block  4
call   12 never executed
        1:  182-block  5
        1:  182-block  6
branch 13 taken 1 (fallthrough)
branch 14 taken 0
        1:  182-block  7
call   15 returned 1
    $$$$$:  182-block  8
branch 16 never executed (fallthrough)
branch 17 never executed
    $$$$$:  182-block  9
call   18 never executed
    $$$$$:  182-block 10
       1*:  183:    assert(service.get_all_oferte()[1].get_pret() == 50);
        1:  183-block  0
call    0 returned 1
branch  1 taken 1 (fallthrough)
branch  2 taken 0 (throw)
        1:  183-block  1
call    3 returned 1
call    4 returned 1
branch  5 taken 1 (fallthrough)
branch  6 taken 0 (throw)
        1:  183-block  2
branch  7 taken 0 (fallthrough)
branch  8 taken 1
    %%%%%:  183-block  3
call    9 never executed
        1:  183-block  4
        1:  184:}
        1:  184-block  0
call    0 returned 1
call    1 returned 1
call    2 returned 1
    $$$$$:  184-block  1
call    3 never executed
    $$$$$:  184-block  2
call    4 never executed
    $$$$$:  184-block  3
call    5 never executed
        -:  185:
function _Z24test_adaugare_cos_serviev called 1 returned 100% blocks executed 50%
        1:  186:void test_adaugare_cos_servie()
        -:  187:{
        1:  188:    Repo repo;
        1:  188-block  0
call    0 returned 1
        -:  189:    Validator valid;
        1:  190:    cosOferte cos;
call    0 returned 1
        1:  191:    Service service{ repo, valid, cos };
call    0 returned 1
        6:  192:    service.adaugare_oferta("a", "b", "csc", 100);
        1:  192-block  0
call    0 returned 1
branch  1 taken 1 (fallthrough)
branch  2 taken 0 (throw)
        1:  192-block  1
call    3 returned 1
branch  4 taken 1 (fallthrough)
branch  5 taken 0 (throw)
        1:  192-block  2
call    6 returned 1
branch  7 taken 1 (fallthrough)
branch  8 taken 0 (throw)
        1:  192-block  3
call    9 returned 1
branch 10 taken 1 (fallthrough)
branch 11 taken 0 (throw)
        1:  192-block  4
call   12 returned 1
call   13 returned 1
call   14 returned 1
    $$$$$:  192-block  5
call   15 never executed
    $$$$$:  192-block  6
    $$$$$:  192-block  7
    $$$$$:  192-block  8
call   16 never executed
    $$$$$:  192-block  9
    $$$$$:  192-block 10
    $$$$$:  192-block 11
call   17 never executed
    $$$$$:  192-block 12
    $$$$$:  192-block 13
        6:  193:    service.adaugare_oferta("sa", "a", "c", 50);
        1:  193-block  0
call    0 returned 1
branch  1 taken 1 (fallthrough)
branch  2 taken 0 (throw)
        1:  193-block  1
call    3 returned 1
branch  4 taken 1 (fallthrough)
branch  5 taken 0 (throw)
        1:  193-block  2
call    6 returned 1
branch  7 taken 1 (fallthrough)
branch  8 taken 0 (throw)
        1:  193-block  3
call    9 returned 1
branch 10 taken 1 (fallthrough)
branch 11 taken 0 (throw)
        1:  193-block  4
call   12 returned 1
call   13 returned 1
call   14 returned 1
    $$$$$:  193-block  5
call   15 never executed
    $$$$$:  193-block  6
    $$$$$:  193-block  7
    $$$$$:  193-block  8
call   16 never executed
    $$$$$:  193-block  9
    $$$$$:  193-block 10
    $$$$$:  193-block 11
call   17 never executed
    $$$$$:  193-block 12
    $$$$$:  193-block 13
        6:  194:    service.adaugare_oferta("t", "y", "c", 63);
        1:  194-block  0
call    0 returned 1
branch  1 taken 1 (fallthrough)
branch  2 taken 0 (throw)
        1:  194-block  1
call    3 returned 1
branch  4 taken 1 (fallthrough)
branch  5 taken 0 (throw)
        1:  194-block  2
call    6 returned 1
branch  7 taken 1 (fallthrough)
branch  8 taken 0 (throw)
        1:  194-block  3
call    9 returned 1
branch 10 taken 1 (fallthrough)
branch 11 taken 0 (throw)
        1:  194-block  4
call   12 returned 1
call   13 returned 1
call   14 returned 1
    $$$$$:  194-block  5
call   15 never executed
    $$$$$:  194-block  6
    $$$$$:  194-block  7
    $$$$$:  194-block  8
call   16 never executed
    $$$$$:  194-block  9
    $$$$$:  194-block 10
    $$$$$:  194-block 11
call   17 never executed
    $$$$$:  194-block 12
    $$$$$:  194-block 13
        6:  195:    service.adaugare_oferta("o", "xc", "m", 100);
        1:  195-block  0
call    0 returned 1
branch  1 taken 1 (fallthrough)
branch  2 taken 0 (throw)
        1:  195-block  1
call    3 returned 1
branch  4 taken 1 (fallthrough)
branch  5 taken 0 (throw)
        1:  195-block  2
call    6 returned 1
branch  7 taken 1 (fallthrough)
branch  8 taken 0 (throw)
        1:  195-block  3
call    9 returned 1
branch 10 taken 1 (fallthrough)
branch 11 taken 0 (throw)
        1:  195-block  4
call   12 returned 1
call   13 returned 1
call   14 returned 1
    $$$$$:  195-block  5
call   15 never executed
    $$$$$:  195-block  6
    $$$$$:  195-block  7
    $$$$$:  195-block  8
call   16 never executed
    $$$$$:  195-block  9
    $$$$$:  195-block 10
    $$$$$:  195-block 11
call   17 never executed
    $$$$$:  195-block 12
    $$$$$:  195-block 13
        3:  196:    service.cos_adauga("a", "b");
        1:  196-block  0
call    0 returned 1
branch  1 taken 1 (fallthrough)
branch  2 taken 0 (throw)
        1:  196-block  1
call    3 returned 1
branch  4 taken 1 (fallthrough)
branch  5 taken 0 (throw)
        1:  196-block  2
call    6 returned 1
branch  7 taken 1 (fallthrough)
branch  8 taken 0 (throw)
        1:  196-block  3
call    9 returned 1
call   10 returned 1
    $$$$$:  196-block  4
call   11 never executed
    $$$$$:  196-block  5
    $$$$$:  196-block  6
    $$$$$:  196-block  7
call   12 never executed
    $$$$$:  196-block  8
    $$$$$:  196-block  9
       1*:  197:    assert(service.get_all_cos().size() == 1);
call    0 returned 1
branch  1 taken 1 (fallthrough)
branch  2 taken 0 (throw)
        1:  197-block  0
call    3 returned 1
branch  4 taken 0 (fallthrough)
branch  5 taken 1
    %%%%%:  197-block  1
call    6 never executed
        1:  197-block  2
        3:  198:    service.cos_adauga("sa", "a");
        1:  198-block  0
call    0 returned 1
branch  1 taken 1 (fallthrough)
branch  2 taken 0 (throw)
        1:  198-block  1
call    3 returned 1
branch  4 taken 1 (fallthrough)
branch  5 taken 0 (throw)
        1:  198-block  2
call    6 returned 1
branch  7 taken 1 (fallthrough)
branch  8 taken 0 (throw)
        1:  198-block  3
call    9 returned 1
call   10 returned 1
    $$$$$:  198-block  4
call   11 never executed
    $$$$$:  198-block  5
    $$$$$:  198-block  6
    $$$$$:  198-block  7
call   12 never executed
    $$$$$:  198-block  8
    $$$$$:  198-block  9
       1*:  199:    assert(service.get_all_cos().size() == 2);
call    0 returned 1
branch  1 taken 1 (fallthrough)
branch  2 taken 0 (throw)
        1:  199-block  0
call    3 returned 1
branch  4 taken 0 (fallthrough)
branch  5 taken 1
    %%%%%:  199-block  1
call    6 never executed
        1:  199-block  2
        3:  200:    service.cos_adauga("t", "y");
        1:  200-block  0
call    0 returned 1
branch  1 taken 1 (fallthrough)
branch  2 taken 0 (throw)
        1:  200-block  1
call    3 returned 1
branch  4 taken 1 (fallthrough)
branch  5 taken 0 (throw)
        1:  200-block  2
call    6 returned 1
branch  7 taken 1 (fallthrough)
branch  8 taken 0 (throw)
        1:  200-block  3
call    9 returned 1
call   10 returned 1
    $$$$$:  200-block  4
call   11 never executed
    $$$$$:  200-block  5
    $$$$$:  200-block  6
    $$$$$:  200-block  7
call   12 never executed
    $$$$$:  200-block  8
    $$$$$:  200-block  9
       1*:  201:    assert(service.get_all_cos().size() == 3);
call    0 returned 1
branch  1 taken 1 (fallthrough)
branch  2 taken 0 (throw)
        1:  201-block  0
call    3 returned 1
branch  4 taken 0 (fallthrough)
branch  5 taken 1
    %%%%%:  201-block  1
call    6 never executed
        1:  201-block  2
        3:  202:    service.cos_adauga("o", "xc");
        1:  202-block  0
call    0 returned 1
branch  1 taken 1 (fallthrough)
branch  2 taken 0 (throw)
        1:  202-block  1
call    3 returned 1
branch  4 taken 1 (fallthrough)
branch  5 taken 0 (throw)
        1:  202-block  2
call    6 returned 1
branch  7 taken 1 (fallthrough)
branch  8 taken 0 (throw)
        1:  202-block  3
call    9 returned 1
call   10 returned 1
    $$$$$:  202-block  4
call   11 never executed
    $$$$$:  202-block  5
    $$$$$:  202-block  6
    $$$$$:  202-block  7
call   12 never executed
    $$$$$:  202-block  8
    $$$$$:  202-block  9
       1*:  203:    assert(service.get_all_cos().size() == 4);
call    0 returned 1
branch  1 taken 1 (fallthrough)
branch  2 taken 0 (throw)
        1:  203-block  0
call    3 returned 1
branch  4 taken 0 (fallthrough)
branch  5 taken 1
    %%%%%:  203-block  1
call    6 never executed
        1:  203-block  2
        1:  204:}
        1:  204-block  0
call    0 returned 1
call    1 returned 1
call    2 returned 1
    $$$$$:  204-block  1
call    3 never executed
    $$$$$:  204-block  2
call    4 never executed
    $$$$$:  204-block  3
call    5 never executed
        -:  205:
function _Z15test_adauga_cosv called 1 returned 100% blocks executed 52%
        1:  206:void test_adauga_cos()
        -:  207:{
        1:  208:    cosOferte cos;
        1:  208-block  0
call    0 returned 1
        6:  209:    vector<Oferta> of = {Oferta("a", "b", "csc", 100), Oferta("sa", "a", "c", 50), Oferta("t", "y", "c", 63), Oferta("o", "xc", "m", 100)};
        1:  209-block  0
call    0 returned 1
branch  1 taken 1 (fallthrough)
branch  2 taken 0 (throw)
        5:  209-block  1
branch  3 taken 4 (fallthrough)
branch  4 taken 1
        4:  209-block  2
call    5 returned 4
    $$$$$:  209-block  3
    $$$$$:  209-block  4
    $$$$$:  209-block  5
branch  6 never executed (fallthrough)
branch  7 never executed
    $$$$$:  209-block  6
call    8 never executed
    $$$$$:  209-block  7
        1:  210:    cos.adauga_oferta_cos(of[0]);
call    0 returned 1
branch  1 taken 1 (fallthrough)
branch  2 taken 0 (throw)
       1*:  211:    assert(cos.get_all_cos().size() == 1);
        1:  211-block  0
call    0 returned 1
branch  1 taken 1 (fallthrough)
branch  2 taken 0 (throw)
        1:  211-block  1
call    3 returned 1
branch  4 taken 0 (fallthrough)
branch  5 taken 1
    %%%%%:  211-block  2
call    6 never executed
        1:  211-block  3
        1:  212:    cos.adauga_oferta_cos(of[1]);
        1:  212-block  0
call    0 returned 1
call    1 returned 1
branch  2 taken 1 (fallthrough)
branch  3 taken 0 (throw)
       1*:  213:    assert(cos.get_all_cos().size() == 2);
        1:  213-block  0
call    0 returned 1
branch  1 taken 1 (fallthrough)
branch  2 taken 0 (throw)
        1:  213-block  1
call    3 returned 1
branch  4 taken 0 (fallthrough)
branch  5 taken 1
    %%%%%:  213-block  2
call    6 never executed
        1:  213-block  3
       1*:  214:    assert(cos.get_all_cos()[0].get_denumire() == "a");
        1:  214-block  0
call    0 returned 1
branch  1 taken 1 (fallthrough)
branch  2 taken 0 (throw)
        1:  214-block  1
call    3 returned 1
call    4 returned 1
branch  5 taken 1 (fallthrough)
branch  6 taken 0 (throw)
        1:  214-block  2
call    7 returned 1
branch  8 taken 1 (fallthrough)
branch  9 taken 0 (throw)
        1:  214-block  3
branch 10 taken 0 (fallthrough)
branch 11 taken 1
    %%%%%:  214-block  4
call   12 never executed
        1:  214-block  5
        1:  214-block  6
branch 13 taken 1 (fallthrough)
branch 14 taken 0
        1:  214-block  7
call   15 returned 1
    $$$$$:  214-block  8
branch 16 never executed (fallthrough)
branch 17 never executed
    $$$$$:  214-block  9
call   18 never executed
    $$$$$:  214-block 10
       1*:  215:    assert(cos.get_all_cos()[1].get_denumire() == "sa");
        1:  215-block  0
call    0 returned 1
branch  1 taken 1 (fallthrough)
branch  2 taken 0 (throw)
        1:  215-block  1
call    3 returned 1
call    4 returned 1
branch  5 taken 1 (fallthrough)
branch  6 taken 0 (throw)
        1:  215-block  2
call    7 returned 1
branch  8 taken 1 (fallthrough)
branch  9 taken 0 (throw)
        1:  215-block  3
branch 10 taken 0 (fallthrough)
branch 11 taken 1
    %%%%%:  215-block  4
call   12 never executed
        1:  215-block  5
        1:  215-block  6
branch 13 taken 1 (fallthrough)
branch 14 taken 0
        1:  215-block  7
call   15 returned 1
    $$$$$:  215-block  8
branch 16 never executed (fallthrough)
branch 17 never executed
    $$$$$:  215-block  9
call   18 never executed
    $$$$$:  215-block 10
       1*:  216:    assert(cos.get_all_cos()[0].get_destinatie() == "b");
        1:  216-block  0
call    0 returned 1
branch  1 taken 1 (fallthrough)
branch  2 taken 0 (throw)
        1:  216-block  1
call    3 returned 1
call    4 returned 1
branch  5 taken 1 (fallthrough)
branch  6 taken 0 (throw)
        1:  216-block  2
call    7 returned 1
branch  8 taken 1 (fallthrough)
branch  9 taken 0 (throw)
        1:  216-block  3
branch 10 taken 0 (fallthrough)
branch 11 taken 1
    %%%%%:  216-block  4
call   12 never executed
        1:  216-block  5
        1:  216-block  6
branch 13 taken 1 (fallthrough)
branch 14 taken 0
        1:  216-block  7
call   15 returned 1
    $$$$$:  216-block  8
branch 16 never executed (fallthrough)
branch 17 never executed
    $$$$$:  216-block  9
call   18 never executed
    $$$$$:  216-block 10
        5:  217:}
        1:  217-block  0
call    0 returned 1
branch  1 taken 1 (fallthrough)
branch  2 taken 0 (throw)
        1:  217-block  1
call    3 returned 1
branch  4 taken 1 (fallthrough)
branch  5 taken 0 (throw)
        1:  217-block  2
call    6 returned 1
branch  7 taken 1 (fallthrough)
branch  8 taken 0 (throw)
        1:  217-block  3
call    9 returned 1
branch 10 taken 1 (fallthrough)
branch 11 taken 0 (throw)
        1:  217-block  4
call   12 returned 1
branch 13 taken 1 (fallthrough)
branch 14 taken 0 (throw)
        1:  217-block  5
call   15 returned 1
branch 16 taken 1 (fallthrough)
branch 17 taken 0 (throw)
        1:  217-block  6
call   18 returned 1
branch 19 taken 1 (fallthrough)
branch 20 taken 0 (throw)
        1:  217-block  7
call   21 returned 1
branch 22 taken 1 (fallthrough)
branch 23 taken 0 (throw)
        1:  217-block  8
call   24 returned 1
branch 25 taken 1 (fallthrough)
branch 26 taken 0 (throw)
        1:  217-block  9
call   27 returned 1
branch 28 taken 1 (fallthrough)
branch 29 taken 0 (throw)
        1:  217-block 10
call   30 returned 1
branch 31 taken 1 (fallthrough)
branch 32 taken 0 (throw)
        1:  217-block 11
call   33 returned 1
branch 34 taken 1 (fallthrough)
branch 35 taken 0 (throw)
        1:  217-block 12
call   36 returned 1
branch 37 taken 1 (fallthrough)
branch 38 taken 0 (throw)
        1:  217-block 13
call   39 returned 1
branch 40 taken 1 (fallthrough)
branch 41 taken 0 (throw)
        1:  217-block 14
call   42 returned 1
branch 43 taken 1 (fallthrough)
branch 44 taken 0 (throw)
        1:  217-block 15
call   45 returned 1
branch 46 taken 1 (fallthrough)
branch 47 taken 0 (throw)
        1:  217-block 16
        1:  217-block 17
call   48 returned 1
call   49 returned 1
call   50 returned 1
call   51 returned 1
call   52 returned 1
call   53 returned 1
call   54 returned 1
call   55 returned 1
call   56 returned 1
call   57 returned 1
call   58 returned 1
call   59 returned 1
call   60 returned 1
        1:  217-block 18
call   61 returned 1
call   62 returned 1
    $$$$$:  217-block 19
call   63 never executed
    $$$$$:  217-block 20
    $$$$$:  217-block 21
call   64 never executed
    $$$$$:  217-block 22
    $$$$$:  217-block 23
call   65 never executed
    $$$$$:  217-block 24
    $$$$$:  217-block 25
call   66 never executed
    $$$$$:  217-block 26
    $$$$$:  217-block 27
call   67 never executed
    $$$$$:  217-block 28
    $$$$$:  217-block 29
call   68 never executed
    $$$$$:  217-block 30
    $$$$$:  217-block 31
call   69 never executed
    $$$$$:  217-block 32
    $$$$$:  217-block 33
call   70 never executed
    $$$$$:  217-block 34
    $$$$$:  217-block 35
call   71 never executed
    $$$$$:  217-block 36
    $$$$$:  217-block 37
call   72 never executed
    $$$$$:  217-block 38
    $$$$$:  217-block 39
call   73 never executed
    $$$$$:  217-block 40
    $$$$$:  217-block 41
call   74 never executed
    $$$$$:  217-block 42
    $$$$$:  217-block 43
    $$$$$:  217-block 44
branch 75 never executed (fallthrough)
branch 76 never executed
    $$$$$:  217-block 45
    $$$$$:  217-block 46
branch 77 never executed (fallthrough)
branch 78 never executed
    $$$$$:  217-block 47
call   79 never executed
    $$$$$:  217-block 48
call   80 never executed
    $$$$$:  217-block 49
call   81 never executed
        -:  218:
function _Z22test_adauga_cos_randomv called 1 returned 100% blocks executed 45%
        1:  219:void test_adauga_cos_random()
        -:  220:{
        1:  221:    cosOferte cos;
        1:  221-block  0
call    0 returned 1
        6:  222:    vector<Oferta> of = {Oferta("a", "b", "csc", 100), Oferta("sa", "a", "c", 50), Oferta("t", "y", "c", 63), Oferta("o", "xc", "m", 100)};
        1:  222-block  0
call    0 returned 1
branch  1 taken 1 (fallthrough)
branch  2 taken 0 (throw)
        5:  222-block  1
branch  3 taken 4 (fallthrough)
branch  4 taken 1
        4:  222-block  2
call    5 returned 4
    $$$$$:  222-block  3
    $$$$$:  222-block  4
    $$$$$:  222-block  5
branch  6 never executed (fallthrough)
branch  7 never executed
    $$$$$:  222-block  6
call    8 never executed
    $$$$$:  222-block  7
        1:  223:    cos.adauga_random_cos(of, 2);
        1:  223-block  0
call    0 returned 1
branch  1 taken 1 (fallthrough)
branch  2 taken 0 (throw)
        1:  223-block  1
call    3 returned 1
    $$$$$:  223-block  2
call    4 never executed
    $$$$$:  223-block  3
       1*:  224:    assert(cos.get_all_cos().size() == 2);
call    0 returned 1
branch  1 taken 1 (fallthrough)
branch  2 taken 0 (throw)
        1:  224-block  0
call    3 returned 1
branch  4 taken 0 (fallthrough)
branch  5 taken 1
    %%%%%:  224-block  1
call    6 never executed
        1:  224-block  2
        5:  225:}
        1:  225-block  0
call    0 returned 1
branch  1 taken 1 (fallthrough)
branch  2 taken 0 (throw)
        1:  225-block  1
call    3 returned 1
branch  4 taken 1 (fallthrough)
branch  5 taken 0 (throw)
        1:  225-block  2
call    6 returned 1
branch  7 taken 1 (fallthrough)
branch  8 taken 0 (throw)
        1:  225-block  3
call    9 returned 1
branch 10 taken 1 (fallthrough)
branch 11 taken 0 (throw)
        1:  225-block  4
call   12 returned 1
branch 13 taken 1 (fallthrough)
branch 14 taken 0 (throw)
        1:  225-block  5
call   15 returned 1
branch 16 taken 1 (fallthrough)
branch 17 taken 0 (throw)
        1:  225-block  6
call   18 returned 1
branch 19 taken 1 (fallthrough)
branch 20 taken 0 (throw)
        1:  225-block  7
call   21 returned 1
branch 22 taken 1 (fallthrough)
branch 23 taken 0 (throw)
        1:  225-block  8
call   24 returned 1
branch 25 taken 1 (fallthrough)
branch 26 taken 0 (throw)
        1:  225-block  9
call   27 returned 1
branch 28 taken 1 (fallthrough)
branch 29 taken 0 (throw)
        1:  225-block 10
call   30 returned 1
branch 31 taken 1 (fallthrough)
branch 32 taken 0 (throw)
        1:  225-block 11
call   33 returned 1
branch 34 taken 1 (fallthrough)
branch 35 taken 0 (throw)
        1:  225-block 12
call   36 returned 1
branch 37 taken 1 (fallthrough)
branch 38 taken 0 (throw)
        1:  225-block 13
call   39 returned 1
branch 40 taken 1 (fallthrough)
branch 41 taken 0 (throw)
        1:  225-block 14
call   42 returned 1
branch 43 taken 1 (fallthrough)
branch 44 taken 0 (throw)
        1:  225-block 15
call   45 returned 1
branch 46 taken 1 (fallthrough)
branch 47 taken 0 (throw)
        1:  225-block 16
        1:  225-block 17
call   48 returned 1
call   49 returned 1
call   50 returned 1
call   51 returned 1
call   52 returned 1
call   53 returned 1
call   54 returned 1
call   55 returned 1
call   56 returned 1
call   57 returned 1
call   58 returned 1
call   59 returned 1
call   60 returned 1
branch 61 taken 1 (fallthrough)
branch 62 taken 0 (throw)
        1:  225-block 18
call   63 returned 1
call   64 returned 1
    $$$$$:  225-block 19
call   65 never executed
    $$$$$:  225-block 20
    $$$$$:  225-block 21
call   66 never executed
    $$$$$:  225-block 22
    $$$$$:  225-block 23
call   67 never executed
    $$$$$:  225-block 24
    $$$$$:  225-block 25
call   68 never executed
    $$$$$:  225-block 26
    $$$$$:  225-block 27
call   69 never executed
    $$$$$:  225-block 28
    $$$$$:  225-block 29
call   70 never executed
    $$$$$:  225-block 30
    $$$$$:  225-block 31
call   71 never executed
    $$$$$:  225-block 32
    $$$$$:  225-block 33
call   72 never executed
    $$$$$:  225-block 34
    $$$$$:  225-block 35
call   73 never executed
    $$$$$:  225-block 36
    $$$$$:  225-block 37
call   74 never executed
    $$$$$:  225-block 38
    $$$$$:  225-block 39
call   75 never executed
    $$$$$:  225-block 40
    $$$$$:  225-block 41
call   76 never executed
    $$$$$:  225-block 42
    $$$$$:  225-block 43
    $$$$$:  225-block 44
branch 77 never executed (fallthrough)
branch 78 never executed
    $$$$$:  225-block 45
    $$$$$:  225-block 46
branch 79 never executed (fallthrough)
branch 80 never executed
    $$$$$:  225-block 47
call   81 never executed
    $$$$$:  225-block 48
call   82 never executed
    $$$$$:  225-block 49
call   83 never executed
        -:  226:
function _Z30test_adauga_cos_random_servicev called 1 returned 100% blocks executed 49%
        1:  227:void test_adauga_cos_random_service()
        -:  228:{
        1:  229:    Repo repo;
        1:  229-block  0
call    0 returned 1
        -:  230:    Validator valid;
        1:  231:    cosOferte cos;
call    0 returned 1
        1:  232:    Service service{ repo, valid, cos };
call    0 returned 1
        6:  233:    service.adaugare_oferta("a", "b", "csc", 100);
        1:  233-block  0
call    0 returned 1
branch  1 taken 1 (fallthrough)
branch  2 taken 0 (throw)
        1:  233-block  1
call    3 returned 1
branch  4 taken 1 (fallthrough)
branch  5 taken 0 (throw)
        1:  233-block  2
call    6 returned 1
branch  7 taken 1 (fallthrough)
branch  8 taken 0 (throw)
        1:  233-block  3
call    9 returned 1
branch 10 taken 1 (fallthrough)
branch 11 taken 0 (throw)
        1:  233-block  4
call   12 returned 1
call   13 returned 1
call   14 returned 1
    $$$$$:  233-block  5
call   15 never executed
    $$$$$:  233-block  6
    $$$$$:  233-block  7
    $$$$$:  233-block  8
call   16 never executed
    $$$$$:  233-block  9
    $$$$$:  233-block 10
    $$$$$:  233-block 11
call   17 never executed
    $$$$$:  233-block 12
    $$$$$:  233-block 13
        6:  234:    service.adaugare_oferta("sa", "a", "c", 50);
        1:  234-block  0
call    0 returned 1
branch  1 taken 1 (fallthrough)
branch  2 taken 0 (throw)
        1:  234-block  1
call    3 returned 1
branch  4 taken 1 (fallthrough)
branch  5 taken 0 (throw)
        1:  234-block  2
call    6 returned 1
branch  7 taken 1 (fallthrough)
branch  8 taken 0 (throw)
        1:  234-block  3
call    9 returned 1
branch 10 taken 1 (fallthrough)
branch 11 taken 0 (throw)
        1:  234-block  4
[...]
        1:  314-block  3
        5:  315:    service.modificare_oferta("a", "b", "haha", 300);
        1:  315-block  0
call    0 returned 1
branch  1 taken 1 (fallthrough)
branch  2 taken 0 (throw)
        1:  315-block  1
call    3 returned 1
branch  4 taken 1 (fallthrough)
branch  5 taken 0 (throw)
        1:  315-block  2
call    6 returned 1
branch  7 taken 1 (fallthrough)
branch  8 taken 0 (throw)
        1:  315-block  3
call    9 returned 1
branch 10 taken 1 (fallthrough)
branch 11 taken 0 (throw)
        1:  315-block  4
call   12 returned 1
call   13 returned 1
call   14 returned 1
    $$$$$:  315-block  5
call   15 never executed
    $$$$$:  315-block  6
    $$$$$:  315-block  7
    $$$$$:  315-block  8
call   16 never executed
    $$$$$:  315-block  9
    $$$$$:  315-block 10
    $$$$$:  315-block 11
call   17 never executed
    $$$$$:  315-block 12
    $$$$$:  315-block 13
       1*:  316:    assert(service.get_all_oferte()[0].get_pret() == 300);
call    0 returned 1
branch  1 taken 1 (fallthrough)
branch  2 taken 0 (throw)
        1:  316-block  0
call    3 returned 1
call    4 returned 1
branch  5 taken 1 (fallthrough)
branch  6 taken 0 (throw)
        1:  316-block  1
branch  7 taken 0 (fallthrough)
branch  8 taken 1
    %%%%%:  316-block  2
call    9 never executed
        1:  316-block  3
       1*:  317:    assert(service.get_all_oferte()[0].get_tip() == "haha");
        1:  317-block  0
call    0 returned 1
branch  1 taken 1 (fallthrough)
branch  2 taken 0 (throw)
        1:  317-block  1
call    3 returned 1
call    4 returned 1
branch  5 taken 1 (fallthrough)
branch  6 taken 0 (throw)
        1:  317-block  2
call    7 returned 1
branch  8 taken 1 (fallthrough)
branch  9 taken 0 (throw)
        1:  317-block  3
branch 10 taken 0 (fallthrough)
branch 11 taken 1
    %%%%%:  317-block  4
call   12 never executed
        1:  317-block  5
        1:  317-block  6
branch 13 taken 1 (fallthrough)
branch 14 taken 0
        1:  317-block  7
call   15 returned 1
    $$$$$:  317-block  8
branch 16 never executed (fallthrough)
branch 17 never executed
    $$$$$:  317-block  9
call   18 never executed
    $$$$$:  317-block 10
        1:  318:    service.undo();
        1:  318-block  0
call    0 returned 1
branch  1 taken 1 (fallthrough)
branch  2 taken 0 (throw)
       1*:  319:    assert(service.get_all_oferte()[0].get_pret() == 100);
        1:  319-block  0
call    0 returned 1
branch  1 taken 1 (fallthrough)
branch  2 taken 0 (throw)
        1:  319-block  1
call    3 returned 1
call    4 returned 1
branch  5 taken 1 (fallthrough)
branch  6 taken 0 (throw)
        1:  319-block  2
branch  7 taken 0 (fallthrough)
branch  8 taken 1
    %%%%%:  319-block  3
call    9 never executed
        1:  319-block  4
       1*:  320:    assert(service.get_all_oferte()[0].get_tip() == "csc");
        1:  320-block  0
call    0 returned 1
branch  1 taken 1 (fallthrough)
branch  2 taken 0 (throw)
        1:  320-block  1
call    3 returned 1
call    4 returned 1
branch  5 taken 1 (fallthrough)
branch  6 taken 0 (throw)
        1:  320-block  2
call    7 returned 1
branch  8 taken 1 (fallthrough)
branch  9 taken 0 (throw)
        1:  320-block  3
branch 10 taken 0 (fallthrough)
branch 11 taken 1
    %%%%%:  320-block  4
call   12 never executed
        1:  320-block  5
        1:  320-block  6
branch 13 taken 1 (fallthrough)
branch 14 taken 0
        1:  320-block  7
call   15 returned 1
    $$$$$:  320-block  8
branch 16 never executed (fallthrough)
branch 17 never executed
    $$$$$:  320-block  9
call   18 never executed
    $$$$$:  320-block 10
        1:  321:}
        1:  321-block  0
call    0 returned 1
call    1 returned 1
call    2 returned 1
call    3 returned 1
    $$$$$:  321-block  1
call    4 never executed
    $$$$$:  321-block  2
call    5 never executed
    $$$$$:  321-block  3
call    6 never executed
    $$$$$:  321-block  4
call    7 never executed
        -:  322:
function _Z16test_create_dictv called 1 returned 100% blocks executed 49%
        1:  323:void test_create_dict()
        -:  324:{
        1:  325:    Repo repo;
        1:  325-block  0
call    0 returned 1
        -:  326:    Validator valid;
        1:  327:    cosOferte cos;
call    0 returned 1
        1:  328:    Service service{ repo, valid, cos };
call    0 returned 1
        6:  329:    service.adaugare_oferta("a", "b", "csc", 100);
        1:  329-block  0
call    0 returned 1
branch  1 taken 1 (fallthrough)
branch  2 taken 0 (throw)
        1:  329-block  1
call    3 returned 1
branch  4 taken 1 (fallthrough)
branch  5 taken 0 (throw)
        1:  329-block  2
call    6 returned 1
branch  7 taken 1 (fallthrough)
branch  8 taken 0 (throw)
        1:  329-block  3
call    9 returned 1
branch 10 taken 1 (fallthrough)
branch 11 taken 0 (throw)
        1:  329-block  4
call   12 returned 1
call   13 returned 1
call   14 returned 1
    $$$$$:  329-block  5
call   15 never executed
    $$$$$:  329-block  6
    $$$$$:  329-block  7
    $$$$$:  329-block  8
call   16 never executed
    $$$$$:  329-block  9
    $$$$$:  329-block 10
    $$$$$:  329-block 11
call   17 never executed
    $$$$$:  329-block 12
    $$$$$:  329-block 13
        6:  330:    service.adaugare_oferta("sa", "a", "c", 50);
        1:  330-block  0
call    0 returned 1
branch  1 taken 1 (fallthrough)
branch  2 taken 0 (throw)
        1:  330-block  1
call    3 returned 1
branch  4 taken 1 (fallthrough)
branch  5 taken 0 (throw)
        1:  330-block  2
call    6 returned 1
branch  7 taken 1 (fallthrough)
branch  8 taken 0 (throw)
        1:  330-block  3
call    9 returned 1
branch 10 taken 1 (fallthrough)
branch 11 taken 0 (throw)
        1:  330-block  4
call   12 returned 1
call   13 returned 1
call   14 returned 1
    $$$$$:  330-block  5
call   15 never executed
    $$$$$:  330-block  6
    $$$$$:  330-block  7
    $$$$$:  330-block  8
call   16 never executed
    $$$$$:  330-block  9
    $$$$$:  330-block 10
    $$$$$:  330-block 11
call   17 never executed
    $$$$$:  330-block 12
    $$$$$:  330-block 13
        6:  331:    service.adaugare_oferta("t", "y", "c", 63);
        1:  331-block  0
call    0 returned 1
branch  1 taken 1 (fallthrough)
branch  2 taken 0 (throw)
        1:  331-block  1
call    3 returned 1
branch  4 taken 1 (fallthrough)
branch  5 taken 0 (throw)
        1:  331-block  2
call    6 returned 1
branch  7 taken 1 (fallthrough)
branch  8 taken 0 (throw)
        1:  331-block  3
call    9 returned 1
branch 10 taken 1 (fallthrough)
branch 11 taken 0 (throw)
        1:  331-block  4
call   12 returned 1
call   13 returned 1
call   14 returned 1
    $$$$$:  331-block  5
call   15 never executed
    $$$$$:  331-block  6
    $$$$$:  331-block  7
    $$$$$:  331-block  8
call   16 never executed
    $$$$$:  331-block  9
    $$$$$:  331-block 10
    $$$$$:  331-block 11
call   17 never executed
    $$$$$:  331-block 12
    $$$$$:  331-block 13
        5:  332:    service.adaugare_oferta("o", "xc", "m", 100);
        1:  332-block  0
call    0 returned 1
branch  1 taken 1 (fallthrough)
branch  2 taken 0 (throw)
        1:  332-block  1
call    3 returned 1
branch  4 taken 1 (fallthrough)
branch  5 taken 0 (throw)
        1:  332-block  2
call    6 returned 1
branch  7 taken 1 (fallthrough)
branch  8 taken 0 (throw)
        1:  332-block  3
call    9 returned 1
branch 10 taken 1 (fallthrough)
branch 11 taken 0 (throw)
        1:  332-block  4
call   12 returned 1
call   13 returned 1
call   14 returned 1
    $$$$$:  332-block  5
call   15 never executed
    $$$$$:  332-block  6
    $$$$$:  332-block  7
    $$$$$:  332-block  8
call   16 never executed
    $$$$$:  332-block  9
    $$$$$:  332-block 10
    $$$$$:  332-block 11
call   17 never executed
    $$$$$:  332-block 12
    $$$$$:  332-block 13
        1:  333:    unordered_map<string, int> dict = service.creare_dict();
call    0 returned 1
branch  1 taken 1 (fallthrough)
branch  2 taken 0 (throw)
       2*:  334:    assert(dict["csc"] == 1);
        1:  334-block  0
        1:  334-block  1
call    0 returned 1
branch  1 taken 1 (fallthrough)
branch  2 taken 0 (throw)
        1:  334-block  2
call    3 returned 1
branch  4 taken 1 (fallthrough)
branch  5 taken 0 (throw)
        1:  334-block  3
branch  6 taken 0 (fallthrough)
branch  7 taken 1
    %%%%%:  334-block  4
call    8 never executed
        1:  334-block  5
        1:  334-block  6
branch  9 taken 1 (fallthrough)
branch 10 taken 0
        1:  334-block  7
call   11 returned 1
        1:  334-block  8
branch 12 taken 1 (fallthrough)
branch 13 taken 0
    $$$$$:  334-block  9
branch 14 never executed (fallthrough)
branch 15 never executed
    $$$$$:  334-block 10
call   16 never executed
    $$$$$:  334-block 11
    $$$$$:  334-block 12
branch 17 never executed (fallthrough)
branch 18 never executed
    $$$$$:  334-block 13
       2*:  335:    assert(dict["c"] == 2);
        1:  335-block  0
        1:  335-block  1
call    0 returned 1
branch  1 taken 1 (fallthrough)
branch  2 taken 0 (throw)
        1:  335-block  2
call    3 returned 1
branch  4 taken 1 (fallthrough)
branch  5 taken 0 (throw)
        1:  335-block  3
branch  6 taken 0 (fallthrough)
branch  7 taken 1
    %%%%%:  335-block  4
call    8 never executed
        1:  335-block  5
        1:  335-block  6
branch  9 taken 1 (fallthrough)
branch 10 taken 0
        1:  335-block  7
call   11 returned 1
        1:  335-block  8
branch 12 taken 1 (fallthrough)
branch 13 taken 0
    $$$$$:  335-block  9
branch 14 never executed (fallthrough)
branch 15 never executed
    $$$$$:  335-block 10
call   16 never executed
    $$$$$:  335-block 11
    $$$$$:  335-block 12
branch 17 never executed (fallthrough)
branch 18 never executed
    $$$$$:  335-block 13
       2*:  336:    assert(dict["m"] == 1);
        1:  336-block  0
        1:  336-block  1
call    0 returned 1
branch  1 taken 1 (fallthrough)
branch  2 taken 0 (throw)
        1:  336-block  2
call    3 returned 1
branch  4 taken 1 (fallthrough)
branch  5 taken 0 (throw)
        1:  336-block  3
branch  6 taken 0 (fallthrough)
branch  7 taken 1
    %%%%%:  336-block  4
call    8 never executed
        1:  336-block  5
        1:  336-block  6
branch  9 taken 1 (fallthrough)
branch 10 taken 0
        1:  336-block  7
call   11 returned 1
        1:  336-block  8
branch 12 taken 1 (fallthrough)
branch 13 taken 0
    $$$$$:  336-block  9
branch 14 never executed (fallthrough)
branch 15 never executed
    $$$$$:  336-block 10
call   16 never executed
    $$$$$:  336-block 11
    $$$$$:  336-block 12
branch 17 never executed (fallthrough)
branch 18 never executed
    $$$$$:  336-block 13
        1:  337:}
        1:  337-block  0
call    0 returned 1
call    1 returned 1
call    2 returned 1
call    3 returned 1
    $$$$$:  337-block  1
call    4 never executed
    $$$$$:  337-block  2
call    5 never executed
    $$$$$:  337-block  3
call    6 never executed
    $$$$$:  337-block  4
call    7 never executed
        -:  338:
function _Z11test_fisierv called 1 returned 100% blocks executed 51%
        1:  339:void test_fisier()
        1:  339-block  0
        -:  340:{
        1:  341:    string filename = "../test.txt";
        1:  341-block  0
call    0 returned 1
branch  1 taken 1 (fallthrough)
branch  2 taken 0 (throw)
    $$$$$:  341-block  1
        1:  342:    RepoFile repo{filename};
call    0 returned 1
branch  1 taken 1 (fallthrough)
branch  2 taken 0 (throw)
        1:  342-block  0
call    3 returned 1
branch  4 taken 1 (fallthrough)
branch  5 taken 0 (throw)
        1:  342-block  1
call    6 returned 1
    $$$$$:  342-block  2
call    7 never executed
    $$$$$:  342-block  3
        -:  343:    Validator valid;
        1:  344:    cosOferte cos;
call    0 returned 1
        1:  345:    Service service{ repo, valid, cos };
call    0 returned 1
        6:  346:    service.adaugare_oferta("a", "b", "csc", 100);
        1:  346-block  0
call    0 returned 1
branch  1 taken 1 (fallthrough)
branch  2 taken 0 (throw)
        1:  346-block  1
call    3 returned 1
branch  4 taken 1 (fallthrough)
branch  5 taken 0 (throw)
        1:  346-block  2
call    6 returned 1
branch  7 taken 1 (fallthrough)
branch  8 taken 0 (throw)
        1:  346-block  3
call    9 returned 1
branch 10 taken 1 (fallthrough)
branch 11 taken 0 (throw)
        1:  346-block  4
call   12 returned 1
call   13 returned 1
call   14 returned 1
    $$$$$:  346-block  5
call   15 never executed
    $$$$$:  346-block  6
    $$$$$:  346-block  7
    $$$$$:  346-block  8
call   16 never executed
    $$$$$:  346-block  9
    $$$$$:  346-block 10
    $$$$$:  346-block 11
call   17 never executed
    $$$$$:  346-block 12
    $$$$$:  346-block 13
        6:  347:    service.adaugare_oferta("sa", "a", "c", 50);
        1:  347-block  0
call    0 returned 1
branch  1 taken 1 (fallthrough)
branch  2 taken 0 (throw)
        1:  347-block  1
call    3 returned 1
branch  4 taken 1 (fallthrough)
branch  5 taken 0 (throw)
        1:  347-block  2
call    6 returned 1
branch  7 taken 1 (fallthrough)
branch  8 taken 0 (throw)
        1:  347-block  3
call    9 returned 1
branch 10 taken 1 (fallthrough)
branch 11 taken 0 (throw)
        1:  347-block  4
call   12 returned 1
call   13 returned 1
call   14 returned 1
    $$$$$:  347-block  5
call   15 never executed
    $$$$$:  347-block  6
    $$$$$:  347-block  7
    $$$$$:  347-block  8
call   16 never executed
    $$$$$:  347-block  9
    $$$$$:  347-block 10
    $$$$$:  347-block 11
call   17 never executed
    $$$$$:  347-block 12
    $$$$$:  347-block 13
        5:  348:    service.adaugare_oferta("t", "y", "c", 63);
        1:  348-block  0
call    0 returned 1
branch  1 taken 1 (fallthrough)
branch  2 taken 0 (throw)
        1:  348-block  1
call    3 returned 1
branch  4 taken 1 (fallthrough)
branch  5 taken 0 (throw)
        1:  348-block  2
call    6 returned 1
branch  7 taken 1 (fallthrough)
branch  8 taken 0 (throw)
        1:  348-block  3
call    9 returned 1
branch 10 taken 1 (fallthrough)
branch 11 taken 0 (throw)
        1:  348-block  4
call   12 returned 1
call   13 returned 1
call   14 returned 1
    $$$$$:  348-block  5
call   15 never executed
    $$$$$:  348-block  6
    $$$$$:  348-block  7
    $$$$$:  348-block  8
call   16 never executed
    $$$$$:  348-block  9
    $$$$$:  348-block 10
    $$$$$:  348-block 11
call   17 never executed
    $$$$$:  348-block 12
    $$$$$:  348-block 13
       1*:  349:    assert(service.get_all_oferte().size() == 3);
call    0 returned 1
branch  1 taken 1 (fallthrough)
branch  2 taken 0 (throw)
        1:  349-block  0
call    3 returned 1
branch  4 taken 0 (fallthrough)
branch  5 taken 1
    %%%%%:  349-block  1
call    6 never executed
        1:  349-block  2
        3:  350:    service.stergere_oferta(service.cautare_oferte("t", "y"));
        1:  350-block  0
call    0 returned 1
branch  1 taken 1 (fallthrough)
branch  2 taken 0 (throw)
        1:  350-block  1
call    3 returned 1
branch  4 taken 1 (fallthrough)
branch  5 taken 0 (throw)
        1:  350-block  2
call    6 returned 1
branch  7 taken 1 (fallthrough)
branch  8 taken 0 (throw)
        1:  350-block  3
call    9 returned 1
branch 10 taken 1 (fallthrough)
branch 11 taken 0 (throw)
        1:  350-block  4
call   12 returned 1
call   13 returned 1
call   14 returned 1
    $$$$$:  350-block  5
call   15 never executed
    $$$$$:  350-block  6
call   16 never executed
    $$$$$:  350-block  7
    $$$$$:  350-block  8
    $$$$$:  350-block  9
call   17 never executed
    $$$$$:  350-block 10
    $$$$$:  350-block 11
    $$$$$:  350-block 12
       1*:  351:    assert(service.get_all_oferte().size() == 2);
call    0 returned 1
branch  1 taken 1 (fallthrough)
branch  2 taken 0 (throw)
        1:  351-block  0
call    3 returned 1
branch  4 taken 0 (fallthrough)
branch  5 taken 1
    %%%%%:  351-block  1
call    6 never executed
        1:  351-block  2
        5:  352:    service.modificare_oferta("a", "b", "haha", 300);
        1:  352-block  0
call    0 returned 1
branch  1 taken 1 (fallthrough)
branch  2 taken 0 (throw)
        1:  352-block  1
call    3 returned 1
branch  4 taken 1 (fallthrough)
branch  5 taken 0 (throw)
        1:  352-block  2
call    6 returned 1
branch  7 taken 1 (fallthrough)
branch  8 taken 0 (throw)
        1:  352-block  3
call    9 returned 1
branch 10 taken 1 (fallthrough)
branch 11 taken 0 (throw)
        1:  352-block  4
call   12 returned 1
call   13 returned 1
call   14 returned 1
    $$$$$:  352-block  5
call   15 never executed
    $$$$$:  352-block  6
    $$$$$:  352-block  7
    $$$$$:  352-block  8
call   16 never executed
    $$$$$:  352-block  9
    $$$$$:  352-block 10
    $$$$$:  352-block 11
call   17 never executed
    $$$$$:  352-block 12
    $$$$$:  352-block 13
       1*:  353:    assert(service.get_all_oferte()[0].get_pret() == 300);
call    0 returned 1
branch  1 taken 1 (fallthrough)
branch  2 taken 0 (throw)
        1:  353-block  0
call    3 returned 1
call    4 returned 1
branch  5 taken 1 (fallthrough)
branch  6 taken 0 (throw)
        1:  353-block  1
branch  7 taken 0 (fallthrough)
branch  8 taken 1
    %%%%%:  353-block  2
call    9 never executed
        1:  353-block  3
       1*:  354:    assert(service.get_all_oferte()[0].get_tip() == "haha");
        1:  354-block  0
call    0 returned 1
branch  1 taken 1 (fallthrough)
branch  2 taken 0 (throw)
        1:  354-block  1
call    3 returned 1
call    4 returned 1
branch  5 taken 1 (fallthrough)
branch  6 taken 0 (throw)
        1:  354-block  2
call    7 returned 1
branch  8 taken 1 (fallthrough)
branch  9 taken 0 (throw)
        1:  354-block  3
branch 10 taken 0 (fallthrough)
branch 11 taken 1
    %%%%%:  354-block  4
call   12 never executed
        1:  354-block  5
        1:  354-block  6
branch 13 taken 1 (fallthrough)
branch 14 taken 0
        1:  354-block  7
call   15 returned 1
    $$$$$:  354-block  8
branch 16 never executed (fallthrough)
branch 17 never executed
    $$$$$:  354-block  9
call   18 never executed
    $$$$$:  354-block 10
        -:  355:
        -:  356:
        1:  357:}
        1:  357-block  0
call    0 returned 1
call    1 returned 1
call    2 returned 1
call    3 returned 1
    $$$$$:  357-block  1
call    4 never executed
    $$$$$:  357-block  2
call    5 never executed
    $$$$$:  357-block  3
call    6 never executed
    $$$$$:  357-block  4
call    7 never executed
        -:  358:
function _Z8test_allv called 1 returned 100% blocks executed 100%
        1:  359:void test_all(){
        1:  360:    test_domain();
        1:  360-block  0
call    0 returned 1
        1:  361:    test_store();
call    0 returned 1
        1:  362:    test_find();
call    0 returned 1
        1:  363:    test_del();
call    0 returned 1
        1:  364:    test_modify();
call    0 returned 1
        -:  365:
        1:  366:    test_adaugare_service();
call    0 returned 1
        1:  367:    test_stergere_service();
call    0 returned 1
        1:  368:    test_modificare_service();
call    0 returned 1
        1:  369:    test_filtrare_dest();
call    0 returned 1
        1:  370:    test_filtrare_pret();
call    0 returned 1
        1:  371:    test_sortare_service();
call    0 returned 1
        -:  372:
        1:  373:    test_adauga_cos();
call    0 returned 1
        1:  374:    test_adaugare_cos_servie();
call    0 returned 1
        1:  375:    test_adauga_cos_random();
call    0 returned 1
        1:  376:    test_adauga_cos_random_service();
call    0 returned 1
        1:  377:    test_sterge_cos();
call    0 returned 1
        1:  378:    test_sterge_cos_service();
call    0 returned 1
        1:  379:    test_export_cos();
call    0 returned 1
        1:  380:    test_undo();
call    0 returned 1
        1:  381:    test_fisier();
call    0 returned 1
        -:  382:
        1:  383:    test_create_dict();
call    0 returned 1
        1:  384:}
