        -:    0:Source:C:/Users/Admin/Desktop/poriect alex vladu/repository.c
        -:    0:Graph:C:\Users\Admin\Desktop\poriect alex vladu\cmake-build-debun-code-coverage\CMakeFiles\poriect_alex_vladu.dir\repository.c.gcno
        -:    0:Data:C:\Users\Admin\Desktop\poriect alex vladu\cmake-build-debun-code-coverage\CMakeFiles\poriect_alex_vladu.dir\repository.c.gcda
        -:    0:Runs:1
        -:    1:#include <string.h>
        -:    2:#include <stdlib.h>
        -:    3:#include "domain.h"
        -:    4:#include <assert.h>
        -:    5:#include "repository.h"
        -:    6:#include "array.h"
        -:    7:
        -:    8:
function create_Repo called 3 returned 100% blocks executed 80%
        3:    9:Repository create_Repo(int dim)
        -:   10:{
        3:   11:    Repository repo = (Repository)malloc(sizeof(Oferta_Repository));
        3:   12:    if (repo == NULL)
        3:   12-block  0
branch  0 taken 0 (fallthrough)
branch  1 taken 3
    #####:   13:        exit(-1);
    %%%%%:   13-block  0
call    0 never executed
        3:   14:    repo->array = create_vector(dim);
        3:   14-block  0
call    0 returned 3
        3:   15:    repo->size = 0;
        3:   16:    return repo;
        -:   17:}
function detroy_Repo called 2 returned 100% blocks executed 100%
        2:   18:void detroy_Repo(Repository repo)
        -:   19:{
        2:   20:    destroy_vector(repo->array, delete_Oferta);
        2:   20-block  0
call    0 returned 2
        2:   21:    free(repo);
        2:   22:}
function get_Repo_Vector called 114 returned 100% blocks executed 100%
      114:   23:Vector get_Repo_Vector(Repository repo)
        -:   24:{
      114:   25:    return repo->array;
      114:   25-block  0
        -:   26:}
function get_Repo_Size called 56 returned 100% blocks executed 100%
       56:   27:int get_Repo_Size(Repository repo)
        -:   28:{
       56:   29:    return repo->size;
       56:   29-block  0
        -:   30:}
function set_Repo_Size called 18 returned 100% blocks executed 100%
       18:   31:void set_Repo_Size(Repository repo, int size)
        -:   32:{
       18:   33:    repo->size=size;
       18:   34:}
        -:   35:
function add_Oferta_Repo called 15 returned 100% blocks executed 100%
       15:   36:void add_Oferta_Repo(Repository repo, Oferta to_add)
        -:   37:{
       15:   38:    add_vector(get_Repo_Vector(repo), to_add);
       15:   38-block  0
call    0 returned 15
call    1 returned 15
       15:   39:    set_Repo_Size(repo, get_Repo_Size(repo)+1);
call    0 returned 15
call    1 returned 15
       15:   40:}
function edit_Oferta_Repo called 1 returned 100% blocks executed 100%
        1:   41:void edit_Oferta_Repo(Repository repo, int id, Oferta to_replace)
        -:   42:{
        1:   43:    if(id<get_Repo_Size(repo))
        1:   43-block  0
call    0 returned 1
branch  1 taken 1 (fallthrough)
branch  2 taken 0
        1:   44:        modify_vector_element(get_Repo_Vector(repo), id, to_replace, delete_Oferta);
        1:   44-block  0
call    0 returned 1
call    1 returned 1
        1:   45:}
function remove_Ofera_Repo called 3 returned 100% blocks executed 100%
        3:   46:void remove_Ofera_Repo(Repository repo, int id)
        -:   47:{
        3:   48:    if(id<get_Repo_Size(repo))
        3:   48-block  0
call    0 returned 3
branch  1 taken 3 (fallthrough)
branch  2 taken 0
        -:   49:    {
        3:   50:        remove_vector_element(get_Repo_Vector(repo), id, delete_Oferta);
        3:   50-block  0
call    0 returned 3
call    1 returned 3
        3:   51:        set_Repo_Size(repo, get_Repo_Size(repo)-1);
call    0 returned 3
call    1 returned 3
        -:   52:    }
        3:   53:}
function test_repository called 0 returned 0% blocks executed 0%
    #####:   54:void test_repository(Repository repo)
        -:   55:{
        -:   56:    //Functie void care primeste ca parametru un repo
        -:   57:    //Functia testeaza atat add la repo, edit cat si delete;
    #####:   58:    add_Oferta_Repo(repo, create_Oferta("apartament", 20, "Sibiu,str.Luncii,nr.14", 250));
    %%%%%:   58-block  0
call    0 never executed
call    1 never executed
    #####:   59:    add_Oferta_Repo(repo, create_Oferta("apartament", 30, "Sibiu,str.Luncii,nr.15", 150));
call    0 never executed
call    1 never executed
    #####:   60:    add_Oferta_Repo(repo, create_Oferta("apartament", 40, "Sibiu,str.Luncii,nr.16", 50));
call    0 never executed
call    1 never executed
    #####:   61:    assert(get_Repo_Size(repo)==3);
call    0 never executed
branch  1 never executed (fallthrough)
branch  2 never executed
    %%%%%:   61-block  0
call    3 never executed
    %%%%%:   61-block  1
    #####:   62:    Oferta element=(Oferta)get_vector_element(get_Repo_Vector(repo), 2);
    %%%%%:   62-block  0
call    0 never executed
call    1 never executed
    #####:   63:    assert(get_Oferta_pret(element)==50);
call    0 never executed
branch  1 never executed (fallthrough)
branch  2 never executed
    %%%%%:   63-block  0
call    3 never executed
    %%%%%:   63-block  1
    #####:   64:    element= (Oferta)get_vector_element(get_Repo_Vector(repo), 1);
    %%%%%:   64-block  0
call    0 never executed
call    1 never executed
    #####:   65:    assert(get_Oferta_suprafata(element) == 30);
call    0 never executed
branch  1 never executed (fallthrough)
branch  2 never executed
    %%%%%:   65-block  0
call    3 never executed
    %%%%%:   65-block  1
    #####:   66:    remove_Ofera_Repo(repo, 2);
    %%%%%:   66-block  0
call    0 never executed
    #####:   67:    remove_Ofera_Repo(repo, 1);
call    0 never executed
    #####:   68:    assert(get_Repo_Size(repo)==1);
call    0 never executed
branch  1 never executed (fallthrough)
branch  2 never executed
    %%%%%:   68-block  0
call    3 never executed
    %%%%%:   68-block  1
    #####:   69:    edit_Oferta_Repo(repo, 0, create_Oferta("apartament", 69, "Brasov,str.Luncii,nr.16", 50));
    %%%%%:   69-block  0
call    0 never executed
call    1 never executed
    #####:   70:    element = (Oferta)get_vector_element(get_Repo_Vector(repo), 0);
call    0 never executed
call    1 never executed
    #####:   71:    assert(get_Oferta_suprafata(element)==69);
call    0 never executed
branch  1 never executed (fallthrough)
branch  2 never executed
    %%%%%:   71-block  0
call    3 never executed
    %%%%%:   71-block  1
    #####:   72:}
